<?xml version="1.0" encoding="UTF-8"?>
<testsuites name="Saucedemo" time="21.405" tests="1" failures="0" errors="1">
   <testsuite name="Saucedemo" tests="1" failures="0" errors="1" time="21.405" skipped="0" timestamp="2023-06-07 13:45:40" hostname="kunj - SF-CPU-579" id="Test Suites/Saucedemo">
      <properties>
         <property name="deviceName" value=""/>
         <property name="devicePlatform" value=""/>
         <property name="logFolder" value="/home/kunj/git/KatalonTest/Reports/20230607_134537/Saucedemo/20230607_134538"/>
         <property name="logFiles" value="/home/kunj/git/KatalonTest/Reports/20230607_134537/Saucedemo/20230607_134538/execution0.log"/>
         <property name="attachments" value=""/>
         <property name="hostName" value="kunj - SF-CPU-579"/>
         <property name="os" value="Linux 64bit"/>
         <property name="katalonVersion" value="8.6.5.208"/>
         <property name="browser" value="Chrome 110.0.0.0"/>
         <property name="hostAddress" value="127.0.1.1"/>
         <property name="sessionId" value="ee4a2caefaa21426c7a0211123525759"/>
         <property name="seleniumVersion" value="3.141.59"/>
         <property name="proxyInformation" value="ProxyInformation { proxyOption=NO_PROXY, proxyServerType=HTTP, username=, password=********, proxyServerAddress=, proxyServerPort=0, executionList=&quot;&quot;, isApplyToDesiredCapabilities=true }"/>
         <property name="platform" value="Linux"/>
      </properties>
      <testcase name="Test Cases/Day-2/Saucedemo/Saucedemo_Addtocart" time="4.907" classname="Test Cases/Day-2/Saucedemo/Saucedemo_Addtocart" status="ERROR">
         <error type="ERROR" message="Test Cases/Day-2/Saucedemo/Saucedemo_Addtocart FAILED.
Reason:
groovy.lang.MissingPropertyException: No such property: goergoijpigjwngipjiweaw4 for class: Script1685956193887
	at Saucedemo_Addtocart.run(Saucedemo_Addtocart:29)
	at com.kms.katalon.core.main.ScriptEngine.run(ScriptEngine.java:194)
	at com.kms.katalon.core.main.ScriptEngine.runScriptAsRawText(ScriptEngine.java:119)
	at com.kms.katalon.core.main.TestCaseExecutor.runScript(TestCaseExecutor.java:448)
	at com.kms.katalon.core.main.TestCaseExecutor.doExecute(TestCaseExecutor.java:439)
	at com.kms.katalon.core.main.TestCaseExecutor.processExecutionPhase(TestCaseExecutor.java:418)
	at com.kms.katalon.core.main.TestCaseExecutor.accessMainPhase(TestCaseExecutor.java:410)
	at com.kms.katalon.core.main.TestCaseExecutor.execute(TestCaseExecutor.java:285)
	at com.kms.katalon.core.main.TestCaseExecutor.execute(TestCaseExecutor.java:369)
	at com.kms.katalon.core.main.TestCaseExecutor.execute(TestCaseExecutor.java:369)
	at com.kms.katalon.core.main.TestCaseExecutor.execute(TestCaseExecutor.java:369)
	at com.kms.katalon.core.common.CommonExecutor.accessTestCaseMainPhase(CommonExecutor.java:65)
	at com.kms.katalon.core.main.TestSuiteExecutor.accessTestSuiteMainPhase(TestSuiteExecutor.java:148)
	at com.kms.katalon.core.main.TestSuiteExecutor.execute(TestSuiteExecutor.java:106)
	at com.kms.katalon.core.main.TestCaseMain.startTestSuite(TestCaseMain.java:187)
	at com.kms.katalon.core.main.TestCaseMain$startTestSuite$0.call(Unknown Source)
	at TempTestSuite1686125738810.run(TempTestSuite1686125738810.groovy:36)
"/>
         <system-out><![CDATA[2023-06-07 13:45:57 - [TEST_CASE][ERROR] - Test Cases/Day-2/Saucedemo/Saucedemo_Addtocart: Test Cases/Day-2/Saucedemo/Saucedemo_Addtocart FAILED.
Reason:
groovy.lang.MissingPropertyException: No such property: goergoijpigjwngipjiweaw4 for class: Script1685956193887
	at Saucedemo_Addtocart.run(Saucedemo_Addtocart:29)
	at com.kms.katalon.core.main.ScriptEngine.run(ScriptEngine.java:194)
	at com.kms.katalon.core.main.ScriptEngine.runScriptAsRawText(ScriptEngine.java:119)
	at com.kms.katalon.core.main.TestCaseExecutor.runScript(TestCaseExecutor.java:448)
	at com.kms.katalon.core.main.TestCaseExecutor.doExecute(TestCaseExecutor.java:439)
	at com.kms.katalon.core.main.TestCaseExecutor.processExecutionPhase(TestCaseExecutor.java:418)
	at com.kms.katalon.core.main.TestCaseExecutor.accessMainPhase(TestCaseExecutor.java:410)
	at com.kms.katalon.core.main.TestCaseExecutor.execute(TestCaseExecutor.java:285)
	at com.kms.katalon.core.main.TestCaseExecutor.execute(TestCaseExecutor.java:369)
	at com.kms.katalon.core.main.TestCaseExecutor.execute(TestCaseExecutor.java:369)
	at com.kms.katalon.core.main.TestCaseExecutor.execute(TestCaseExecutor.java:369)
	at com.kms.katalon.core.common.CommonExecutor.accessTestCaseMainPhase(CommonExecutor.java:65)
	at com.kms.katalon.core.main.TestSuiteExecutor.accessTestSuiteMainPhase(TestSuiteExecutor.java:148)
	at com.kms.katalon.core.main.TestSuiteExecutor.execute(TestSuiteExecutor.java:106)
	at com.kms.katalon.core.main.TestCaseMain.startTestSuite(TestCaseMain.java:187)
	at com.kms.katalon.core.main.TestCaseMain$startTestSuite$0.call(Unknown Source)
	at TempTestSuite1686125738810.run(TempTestSuite1686125738810.groovy:36)


2023-06-07 13:45:57 - [TEST_STEP][PASSED] - Start listener action : sampleBeforeTestCase: Navigate to 'https://www.saucedemo.com/' successfully

2023-06-07 13:45:57 - [TEST_STEP][PASSED] - openBrowser(""): Browser is opened with url: ''

2023-06-07 13:45:57 - [MESSAGE][INFO] - Starting 'Chrome' driver

2023-06-07 13:45:57 - [MESSAGE][INFO] - Action delay is set to 0 milliseconds

2023-06-07 13:45:57 - [MESSAGE][PASSED] - Browser is opened with url: ''

2023-06-07 13:45:57 - [TEST_STEP][PASSED] - navigateToUrl(Saucedemo): Navigate to 'https://www.saucedemo.com/' successfully

2023-06-07 13:45:57 - [MESSAGE][PASSED] - Navigate to 'https://www.saucedemo.com/' successfully

2023-06-07 13:45:58 - [TEST_STEP][PASSED] - openBrowser(""): Browser is opened with url: ''

2023-06-07 13:45:58 - [MESSAGE][WARNING] - A browser is already opened. Closing browser and opening a new one

2023-06-07 13:45:58 - [MESSAGE][INFO] - Starting 'Chrome' driver

2023-06-07 13:45:58 - [MESSAGE][INFO] - Action delay is set to 0 milliseconds

2023-06-07 13:45:58 - [MESSAGE][PASSED] - Browser is opened with url: ''

2023-06-07 13:45:58 - [TEST_STEP][PASSED] - navigateToUrl(Saucedemo): Navigate to 'https://www.saucedemo.com/' successfully

2023-06-07 13:45:58 - [MESSAGE][PASSED] - Navigate to 'https://www.saucedemo.com/' successfully

2023-06-07 13:45:58 - [TEST_STEP][PASSED] - com.Saucedemo_Login.Login(): com.Saucedemo_Login.Login is PASSED

2023-06-07 13:45:59 - [MESSAGE][PASSED] - Text 'standard_user' is set on object 'Object Repository/Day-2/SauceDemo/Page_Swag Labs/input_Swag Labs_user-name'

2023-06-07 13:46:00 - [MESSAGE][PASSED] - Text ****** has been set on object 'Object Repository/Day-2/SauceDemo/Page_Swag Labs/input_Swag Labs_password'

2023-06-07 13:46:00 - [MESSAGE][PASSED] - Object: 'Object Repository/Day-2/SauceDemo/Page_Swag Labs/input_Swag Labs_login-button' is clicked on

2023-06-07 13:46:00 - [MESSAGE][PASSED] - com.Saucedemo_Login.Login is PASSED

2023-06-07 13:46:00 - [TEST_STEP][PASSED] - click(findTestObject("Object Repository/Day-2/SauceDemo/Page_Swag Labs/button_Add to cart")): Object: 'Object Repository/Day-2/SauceDemo/Page_Swag Labs/button_Add to cart' is clicked on

2023-06-07 13:46:01 - [MESSAGE][PASSED] - Object: 'Object Repository/Day-2/SauceDemo/Page_Swag Labs/button_Add to cart' is clicked on

2023-06-07 13:46:01 - [TEST_STEP][PASSED] - click(findTestObject("Object Repository/Day-2/SauceDemo/Page_Swag Labs/button_Add to cart_1")): Object: 'Object Repository/Day-2/SauceDemo/Page_Swag Labs/button_Add to cart_1' is clicked on

2023-06-07 13:46:01 - [MESSAGE][PASSED] - Object: 'Object Repository/Day-2/SauceDemo/Page_Swag Labs/button_Add to cart_1' is clicked on

2023-06-07 13:46:01 - [TEST_STEP][ERROR] - goergoijpigjwngipjiweaw4: Test Cases/Day-2/Saucedemo/Saucedemo_Addtocart FAILED.
Reason:
groovy.lang.MissingPropertyException: No such property: goergoijpigjwngipjiweaw4 for class: Script1685956193887
	at Saucedemo_Addtocart.run(Saucedemo_Addtocart:29)
	at com.kms.katalon.core.main.ScriptEngine.run(ScriptEngine.java:194)
	at com.kms.katalon.core.main.ScriptEngine.runScriptAsRawText(ScriptEngine.java:119)
	at com.kms.katalon.core.main.TestCaseExecutor.runScript(TestCaseExecutor.java:448)
	at com.kms.katalon.core.main.TestCaseExecutor.doExecute(TestCaseExecutor.java:439)
	at com.kms.katalon.core.main.TestCaseExecutor.processExecutionPhase(TestCaseExecutor.java:418)
	at com.kms.katalon.core.main.TestCaseExecutor.accessMainPhase(TestCaseExecutor.java:410)
	at com.kms.katalon.core.main.TestCaseExecutor.execute(TestCaseExecutor.java:285)
	at com.kms.katalon.core.main.TestCaseExecutor.execute(TestCaseExecutor.java:369)
	at com.kms.katalon.core.main.TestCaseExecutor.execute(TestCaseExecutor.java:369)
	at com.kms.katalon.core.main.TestCaseExecutor.execute(TestCaseExecutor.java:369)
	at com.kms.katalon.core.common.CommonExecutor.accessTestCaseMainPhase(CommonExecutor.java:65)
	at com.kms.katalon.core.main.TestSuiteExecutor.accessTestSuiteMainPhase(TestSuiteExecutor.java:148)
	at com.kms.katalon.core.main.TestSuiteExecutor.execute(TestSuiteExecutor.java:106)
	at com.kms.katalon.core.main.TestCaseMain.startTestSuite(TestCaseMain.java:187)
	at com.kms.katalon.core.main.TestCaseMain$startTestSuite$0.call(Unknown Source)
	at TempTestSuite1686125738810.run(TempTestSuite1686125738810.groovy:36)


2023-06-07 13:46:01 - [MESSAGE][ERROR] - Test Cases/Day-2/Saucedemo/Saucedemo_Addtocart FAILED.
Reason:
groovy.lang.MissingPropertyException: No such property: goergoijpigjwngipjiweaw4 for class: Script1685956193887
	at Saucedemo_Addtocart.run(Saucedemo_Addtocart:29)
	at com.kms.katalon.core.main.ScriptEngine.run(ScriptEngine.java:194)
	at com.kms.katalon.core.main.ScriptEngine.runScriptAsRawText(ScriptEngine.java:119)
	at com.kms.katalon.core.main.TestCaseExecutor.runScript(TestCaseExecutor.java:448)
	at com.kms.katalon.core.main.TestCaseExecutor.doExecute(TestCaseExecutor.java:439)
	at com.kms.katalon.core.main.TestCaseExecutor.processExecutionPhase(TestCaseExecutor.java:418)
	at com.kms.katalon.core.main.TestCaseExecutor.accessMainPhase(TestCaseExecutor.java:410)
	at com.kms.katalon.core.main.TestCaseExecutor.execute(TestCaseExecutor.java:285)
	at com.kms.katalon.core.main.TestCaseExecutor.execute(TestCaseExecutor.java:369)
	at com.kms.katalon.core.main.TestCaseExecutor.execute(TestCaseExecutor.java:369)
	at com.kms.katalon.core.main.TestCaseExecutor.execute(TestCaseExecutor.java:369)
	at com.kms.katalon.core.common.CommonExecutor.accessTestCaseMainPhase(CommonExecutor.java:65)
	at com.kms.katalon.core.main.TestSuiteExecutor.accessTestSuiteMainPhase(TestSuiteExecutor.java:148)
	at com.kms.katalon.core.main.TestSuiteExecutor.execute(TestSuiteExecutor.java:106)
	at com.kms.katalon.core.main.TestCaseMain.startTestSuite(TestCaseMain.java:187)
	at com.kms.katalon.core.main.TestCaseMain$startTestSuite$0.call(Unknown Source)
	at TempTestSuite1686125738810.run(TempTestSuite1686125738810.groovy:36)


2023-06-07 13:46:01 - [TEST_STEP][PASSED] - Start listener action : sampleAfterTestCase: Browser is closed

2023-06-07 13:46:01 - [TEST_STEP][PASSED] - closeBrowser(): Browser is closed

2023-06-07 13:46:02 - [MESSAGE][PASSED] - Browser is closed]]></system-out>
         <system-err><![CDATA[2023-06-07 13:45:57 - [TEST_CASE][ERROR] - Test Cases/Day-2/Saucedemo/Saucedemo_Addtocart: Test Cases/Day-2/Saucedemo/Saucedemo_Addtocart FAILED.
Reason:
groovy.lang.MissingPropertyException: No such property: goergoijpigjwngipjiweaw4 for class: Script1685956193887
	at Saucedemo_Addtocart.run(Saucedemo_Addtocart:29)
	at com.kms.katalon.core.main.ScriptEngine.run(ScriptEngine.java:194)
	at com.kms.katalon.core.main.ScriptEngine.runScriptAsRawText(ScriptEngine.java:119)
	at com.kms.katalon.core.main.TestCaseExecutor.runScript(TestCaseExecutor.java:448)
	at com.kms.katalon.core.main.TestCaseExecutor.doExecute(TestCaseExecutor.java:439)
	at com.kms.katalon.core.main.TestCaseExecutor.processExecutionPhase(TestCaseExecutor.java:418)
	at com.kms.katalon.core.main.TestCaseExecutor.accessMainPhase(TestCaseExecutor.java:410)
	at com.kms.katalon.core.main.TestCaseExecutor.execute(TestCaseExecutor.java:285)
	at com.kms.katalon.core.main.TestCaseExecutor.execute(TestCaseExecutor.java:369)
	at com.kms.katalon.core.main.TestCaseExecutor.execute(TestCaseExecutor.java:369)
	at com.kms.katalon.core.main.TestCaseExecutor.execute(TestCaseExecutor.java:369)
	at com.kms.katalon.core.common.CommonExecutor.accessTestCaseMainPhase(CommonExecutor.java:65)
	at com.kms.katalon.core.main.TestSuiteExecutor.accessTestSuiteMainPhase(TestSuiteExecutor.java:148)
	at com.kms.katalon.core.main.TestSuiteExecutor.execute(TestSuiteExecutor.java:106)
	at com.kms.katalon.core.main.TestCaseMain.startTestSuite(TestCaseMain.java:187)
	at com.kms.katalon.core.main.TestCaseMain$startTestSuite$0.call(Unknown Source)
	at TempTestSuite1686125738810.run(TempTestSuite1686125738810.groovy:36)]]></system-err>
      </testcase>
      <system-out><![CDATA[2023-06-07 13:45:40 - [TEST_SUITE][ERROR] - Saucedemo: Test Cases/Day-2/Saucedemo/Saucedemo_Addtocart FAILED.
Reason:
groovy.lang.MissingPropertyException: No such property: goergoijpigjwngipjiweaw4 for class: Script1685956193887
	at Saucedemo_Addtocart.run(Saucedemo_Addtocart:29)
	at com.kms.katalon.core.main.ScriptEngine.run(ScriptEngine.java:194)
	at com.kms.katalon.core.main.ScriptEngine.runScriptAsRawText(ScriptEngine.java:119)
	at com.kms.katalon.core.main.TestCaseExecutor.runScript(TestCaseExecutor.java:448)
	at com.kms.katalon.core.main.TestCaseExecutor.doExecute(TestCaseExecutor.java:439)
	at com.kms.katalon.core.main.TestCaseExecutor.processExecutionPhase(TestCaseExecutor.java:418)
	at com.kms.katalon.core.main.TestCaseExecutor.accessMainPhase(TestCaseExecutor.java:410)
	at com.kms.katalon.core.main.TestCaseExecutor.execute(TestCaseExecutor.java:285)
	at com.kms.katalon.core.common.CommonExecutor.accessTestCaseMainPhase(CommonExecutor.java:65)
	at com.kms.katalon.core.main.TestSuiteExecutor.accessTestSuiteMainPhase(TestSuiteExecutor.java:148)
	at com.kms.katalon.core.main.TestSuiteExecutor.execute(TestSuiteExecutor.java:106)
	at com.kms.katalon.core.main.TestCaseMain.startTestSuite(TestCaseMain.java:187)
	at com.kms.katalon.core.main.TestCaseMain$startTestSuite$0.call(Unknown Source)
	at TempTestSuite1686125738810.run(TempTestSuite1686125738810.groovy:36)]]></system-out>
      <system-err><![CDATA[2023-06-07 13:45:40 - [TEST_SUITE][ERROR] - Saucedemo: Test Cases/Day-2/Saucedemo/Saucedemo_Addtocart FAILED.
Reason:
groovy.lang.MissingPropertyException: No such property: goergoijpigjwngipjiweaw4 for class: Script1685956193887
	at Saucedemo_Addtocart.run(Saucedemo_Addtocart:29)
	at com.kms.katalon.core.main.ScriptEngine.run(ScriptEngine.java:194)
	at com.kms.katalon.core.main.ScriptEngine.runScriptAsRawText(ScriptEngine.java:119)
	at com.kms.katalon.core.main.TestCaseExecutor.runScript(TestCaseExecutor.java:448)
	at com.kms.katalon.core.main.TestCaseExecutor.doExecute(TestCaseExecutor.java:439)
	at com.kms.katalon.core.main.TestCaseExecutor.processExecutionPhase(TestCaseExecutor.java:418)
	at com.kms.katalon.core.main.TestCaseExecutor.accessMainPhase(TestCaseExecutor.java:410)
	at com.kms.katalon.core.main.TestCaseExecutor.execute(TestCaseExecutor.java:285)
	at com.kms.katalon.core.common.CommonExecutor.accessTestCaseMainPhase(CommonExecutor.java:65)
	at com.kms.katalon.core.main.TestSuiteExecutor.accessTestSuiteMainPhase(TestSuiteExecutor.java:148)
	at com.kms.katalon.core.main.TestSuiteExecutor.execute(TestSuiteExecutor.java:106)
	at com.kms.katalon.core.main.TestCaseMain.startTestSuite(TestCaseMain.java:187)
	at com.kms.katalon.core.main.TestCaseMain$startTestSuite$0.call(Unknown Source)
	at TempTestSuite1686125738810.run(TempTestSuite1686125738810.groovy:36)]]></system-err>
   </testsuite>
</testsuites>
