<?xml version="1.0" encoding="UTF-8"?>
<testsuites name="Testing" time="253.54" tests="7" failures="0" errors="0">
   <testsuite name="Saucedemo" tests="3" failures="0" errors="0" time="176.094" skipped="0" timestamp="2023-06-09 15:58:58" hostname="kunj - SF-CPU-579" id="Test Suites/Saucedemo">
      <properties>
         <property name="deviceName" value=""/>
         <property name="devicePlatform" value=""/>
         <property name="logFolder" value="/home/kunj/git/KatalonTest/Reports/20230609_155848/Saucedemo/20230609_155849"/>
         <property name="logFiles" value="/home/kunj/git/KatalonTest/Reports/20230609_155848/Saucedemo/20230609_155849/execution0.log"/>
         <property name="attachments" value="/home/kunj/git/KatalonTest/Reports/20230609_155848/Saucedemo/20230609_155849/1686306574025.png, /home/kunj/git/KatalonTest/Reports/20230609_155848/Saucedemo/20230609_155849/1686306613315.png"/>
         <property name="hostName" value="kunj - SF-CPU-579"/>
         <property name="os" value="Linux 64bit"/>
         <property name="katalonVersion" value="8.6.5.208"/>
         <property name="browser" value="Chrome 110.0.0.0"/>
         <property name="hostAddress" value="127.0.1.1"/>
         <property name="sessionId" value="2bb9d446f3e9ea1d6dd65733415897ea"/>
         <property name="seleniumVersion" value="3.141.59"/>
         <property name="proxyInformation" value="ProxyInformation { proxyOption=NO_PROXY, proxyServerType=HTTP, username=, password=********, proxyServerAddress=, proxyServerPort=0, executionList=&quot;&quot;, isApplyToDesiredCapabilities=true }"/>
         <property name="platform" value="Linux"/>
      </properties>
      <testcase name="Test Cases/Final_Assignment/Saucedemo/Saucedemo_Request_Demosite" time="50.706" classname="Test Cases/Final_Assignment/Saucedemo/Saucedemo_Request_Demosite" status="PASSED">
         <system-out><![CDATA[2023-06-09 16:00:13 - [TEST_CASE][PASSED] - Test Cases/Final_Assignment/Saucedemo/Saucedemo_Request_Demosite: Test Cases/Final_Assignment/Saucedemo/Saucedemo_Request_Demosite

2023-06-09 16:00:13 - [TEST_STEP][PASSED] - Start listener action : sampleBeforeTestCase: Navigate to 'https://www.saucedemo.com/' successfully

2023-06-09 16:00:13 - [TEST_STEP][PASSED] - openBrowser(""): Browser is opened with url: ''

2023-06-09 16:00:13 - [MESSAGE][INFO] - Starting 'Chrome' driver

2023-06-09 16:00:13 - [MESSAGE][INFO] - Action delay is set to 0 milliseconds

2023-06-09 16:00:14 - [MESSAGE][PASSED] - Browser is opened with url: ''

2023-06-09 16:00:14 - [TEST_STEP][PASSED] - navigateToUrl(Saucedemo): Navigate to 'https://www.saucedemo.com/' successfully

2023-06-09 16:00:14 - [MESSAGE][PASSED] - Navigate to 'https://www.saucedemo.com/' successfully

2023-06-09 16:00:14 - [TEST_STEP][PASSED] - openBrowser(""): Browser is opened with url: ''

2023-06-09 16:00:14 - [MESSAGE][WARNING] - A browser is already opened. Closing browser and opening a new one

2023-06-09 16:00:14 - [MESSAGE][INFO] - Starting 'Chrome' driver

2023-06-09 16:00:14 - [MESSAGE][INFO] - Action delay is set to 0 milliseconds

2023-06-09 16:00:15 - [MESSAGE][PASSED] - Browser is opened with url: ''

2023-06-09 16:00:15 - [TEST_STEP][PASSED] - maximizeWindow(): Current window maximized

2023-06-09 16:00:15 - [MESSAGE][PASSED] - Current window maximized

2023-06-09 16:00:15 - [TEST_STEP][PASSED] - navigateToUrl(Saucedemo): Navigate to 'https://www.saucedemo.com/' successfully

2023-06-09 16:00:15 - [MESSAGE][PASSED] - Navigate to 'https://www.saucedemo.com/' successfully

2023-06-09 16:00:15 - [TEST_STEP][PASSED] - com.Saucedemo_Login.Login("Object Repository/Assignment/SauceDemo/Page_Swag Labs/input_Swag Labs_user-name", EndUser, "Object Repository/Assignment/SauceDemo/Page_Swag Labs/input_Swag Labs_password", Password, "Object Repository/Assignment/SauceDemo/Page_Swag Labs/input_Swag Labs_login-button"): com.Saucedemo_Login.Login is PASSED

2023-06-09 16:00:16 - [MESSAGE][PASSED] - Text 'standard_user' is set on object 'Object Repository/Assignment/SauceDemo/Page_Swag Labs/input_Swag Labs_user-name'

2023-06-09 16:00:17 - [MESSAGE][PASSED] - Text 'secret_sauce' is set on object 'Object Repository/Assignment/SauceDemo/Page_Swag Labs/input_Swag Labs_password'

2023-06-09 16:00:17 - [MESSAGE][PASSED] - Object: 'Object Repository/Assignment/SauceDemo/Page_Swag Labs/input_Swag Labs_login-button' is clicked on

2023-06-09 16:00:17 - [MESSAGE][PASSED] - com.Saucedemo_Login.Login is PASSED

2023-06-09 16:00:17 - [TEST_STEP][PASSED] - delay(3): Delayed 3 second(s)

2023-06-09 16:00:20 - [MESSAGE][PASSED] - Delayed 3 second(s)

2023-06-09 16:00:20 - [TEST_STEP][PASSED] - getUrl().equals("https://www.saucedemo.com/inventory.html"): Current window's url is: 'https://www.saucedemo.com/inventory.html'

2023-06-09 16:00:20 - [MESSAGE][PASSED] - Current window's url is: 'https://www.saucedemo.com/inventory.html'

2023-06-09 16:00:20 - [TEST_STEP][PASSED] - verifyElementNotPresent(findTestObject("Object Repository/Assignment/SauceDemo/Page_Swag Labs/input_Swag Labs_login-button"), 1): Web element with id: 'Object Repository/Assignment/SauceDemo/Page_Swag Labs/input_Swag Labs_login-button' located by 'By.xpath: //input[@id='login-button']' is not present after '1' second(s)

2023-06-09 16:00:21 - [MESSAGE][PASSED] - Web element with id: 'Object Repository/Assignment/SauceDemo/Page_Swag Labs/input_Swag Labs_login-button' located by 'By.xpath: //input[@id='login-button']' is not present after '1' second(s)

2023-06-09 16:00:21 - [TEST_STEP][PASSED] - click(findTestObject("Object Repository/Assignment/SauceDemo/Page_Swag Labs/button_Open Menu")): Object: 'Object Repository/Assignment/SauceDemo/Page_Swag Labs/button_Open Menu' is clicked on

2023-06-09 16:00:21 - [MESSAGE][PASSED] - Object: 'Object Repository/Assignment/SauceDemo/Page_Swag Labs/button_Open Menu' is clicked on

2023-06-09 16:00:21 - [TEST_STEP][PASSED] - click(findTestObject("Object Repository/Assignment/SauceDemo/Page_Swag Labs/a_About")): Object: 'Object Repository/Assignment/SauceDemo/Page_Swag Labs/a_About' is clicked on

2023-06-09 16:00:26 - [MESSAGE][PASSED] - Object: 'Object Repository/Assignment/SauceDemo/Page_Swag Labs/a_About' is clicked on

2023-06-09 16:00:26 - [TEST_STEP][PASSED] - click(findTestObject("Object Repository/Assignment/SauceDemo/Page_Sauce Labs Cross Browser Testing, Sele_e8ee84/button_Request a demo")): Object: 'Object Repository/Assignment/SauceDemo/Page_Sauce Labs Cross Browser Testing, Sele_e8ee84/button_Request a demo' is clicked on

2023-06-09 16:00:32 - [MESSAGE][PASSED] - Object: 'Object Repository/Assignment/SauceDemo/Page_Sauce Labs Cross Browser Testing, Sele_e8ee84/button_Request a demo' is clicked on

2023-06-09 16:00:32 - [TEST_STEP][PASSED] - str = "FirstName": null

2023-06-09 16:00:32 - [TEST_STEP][PASSED] - Firstname = findTestObject("Assignment/SauceDemo/Page_Request a Sauce Labs Demo/input__FirstName", ["Empid":str]): null

2023-06-09 16:00:32 - [TEST_STEP][PASSED] - setText(Firstname, "Kunj"): Text 'Kunj' is set on object 'Object Repository/Assignment/SauceDemo/Page_Request a Sauce Labs Demo/input__FirstName'

2023-06-09 16:00:39 - [MESSAGE][PASSED] - Text 'Kunj' is set on object 'Object Repository/Assignment/SauceDemo/Page_Request a Sauce Labs Demo/input__FirstName'

2023-06-09 16:00:39 - [TEST_STEP][PASSED] - setText(findTestObject("Object Repository/Assignment/SauceDemo/Page_Request a Sauce Labs Demo/input__LastName"), Lastname): Text 'Patel' is set on object 'Object Repository/Assignment/SauceDemo/Page_Request a Sauce Labs Demo/input__LastName'

2023-06-09 16:00:39 - [MESSAGE][PASSED] - Text 'Patel' is set on object 'Object Repository/Assignment/SauceDemo/Page_Request a Sauce Labs Demo/input__LastName'

2023-06-09 16:00:39 - [TEST_STEP][PASSED] - setText(findTestObject("Object Repository/Assignment/SauceDemo/Page_Request a Sauce Labs Demo/input__Email"), Email1): Text 'kunjpt2002@gmail.com' is set on object 'Object Repository/Assignment/SauceDemo/Page_Request a Sauce Labs Demo/input__Email'

2023-06-09 16:00:41 - [MESSAGE][PASSED] - Text 'kunjpt2002@gmail.com' is set on object 'Object Repository/Assignment/SauceDemo/Page_Request a Sauce Labs Demo/input__Email'

2023-06-09 16:00:41 - [TEST_STEP][PASSED] - setText(findTestObject("Object Repository/Assignment/SauceDemo/Page_Request a Sauce Labs Demo/input__Company"), Company): Text 'Simform' is set on object 'Object Repository/Assignment/SauceDemo/Page_Request a Sauce Labs Demo/input__Company'

2023-06-09 16:00:42 - [MESSAGE][PASSED] - Text 'Simform' is set on object 'Object Repository/Assignment/SauceDemo/Page_Request a Sauce Labs Demo/input__Company'

2023-06-09 16:00:42 - [TEST_STEP][PASSED] - selectOptionByValue(findTestObject("Object Repository/Assignment/SauceDemo/Page_Request a Sauce Labs Demo/select_Select.AfghanistanAlbaniaAlgeriaAndo_2e5989"), "India", true): All options with value 'India' are selected in object 'Object Repository/Assignment/SauceDemo/Page_Request a Sauce Labs Demo/select_Select.AfghanistanAlbaniaAlgeriaAndo_2e5989'  using regular expression

2023-06-09 16:00:47 - [MESSAGE][PASSED] - All options with value 'India' are selected in object 'Object Repository/Assignment/SauceDemo/Page_Request a Sauce Labs Demo/select_Select.AfghanistanAlbaniaAlgeriaAndo_2e5989'  using regular expression

2023-06-09 16:00:47 - [TEST_STEP][PASSED] - setText(findTestObject("Object Repository/Assignment/SauceDemo/Page_Request a Sauce Labs Demo/input__Phone"), Phonenumber): Text '1234567890' is set on object 'Object Repository/Assignment/SauceDemo/Page_Request a Sauce Labs Demo/input__Phone'

2023-06-09 16:00:48 - [MESSAGE][PASSED] - Text '1234567890' is set on object 'Object Repository/Assignment/SauceDemo/Page_Request a Sauce Labs Demo/input__Phone'

2023-06-09 16:00:48 - [TEST_STEP][PASSED] - selectOptionByValue(findTestObject("Object Repository/Assignment/SauceDemo/Page_Request a Sauce Labs Demo/select_Select.Sauce Cross-BrowserSauce Mobi_6b7086"), "Cross-Browser Testing", true): All options with value 'Cross-Browser Testing' are selected in object 'Object Repository/Assignment/SauceDemo/Page_Request a Sauce Labs Demo/select_Select.Sauce Cross-BrowserSauce Mobi_6b7086'  using regular expression

2023-06-09 16:00:49 - [MESSAGE][PASSED] - All options with value 'Cross-Browser Testing' are selected in object 'Object Repository/Assignment/SauceDemo/Page_Request a Sauce Labs Demo/select_Select.Sauce Cross-BrowserSauce Mobi_6b7086'  using regular expression

2023-06-09 16:00:49 - [TEST_STEP][PASSED] - setText(findTestObject("Object Repository/Assignment/SauceDemo/Page_Request a Sauce Labs Demo/textarea__Sales_Contact_Comments__c"), "none"): Text 'none' is set on object 'Object Repository/Assignment/SauceDemo/Page_Request a Sauce Labs Demo/textarea__Sales_Contact_Comments__c'

2023-06-09 16:00:50 - [MESSAGE][PASSED] - Text 'none' is set on object 'Object Repository/Assignment/SauceDemo/Page_Request a Sauce Labs Demo/textarea__Sales_Contact_Comments__c'

2023-06-09 16:00:50 - [TEST_STEP][PASSED] - click(findTestObject("Object Repository/Assignment/SauceDemo/Page_Request a Sauce Labs Demo/label_Please check this box if youd like to_15e628")): Object: 'Object Repository/Assignment/SauceDemo/Page_Request a Sauce Labs Demo/label_Please check this box if youd like to_15e628' is clicked on

2023-06-09 16:00:51 - [MESSAGE][PASSED] - Object: 'Object Repository/Assignment/SauceDemo/Page_Request a Sauce Labs Demo/label_Please check this box if youd like to_15e628' is clicked on

2023-06-09 16:00:51 - [TEST_STEP][PASSED] - click(findTestObject("Object Repository/Assignment/SauceDemo/Page_Request a Sauce Labs Demo/button_Submit")): Object: 'Object Repository/Assignment/SauceDemo/Page_Request a Sauce Labs Demo/button_Submit' is clicked on

2023-06-09 16:00:51 - [MESSAGE][PASSED] - Object: 'Object Repository/Assignment/SauceDemo/Page_Request a Sauce Labs Demo/button_Submit' is clicked on

2023-06-09 16:00:51 - [TEST_STEP][PASSED] - verifyTextPresent("Enter valid business email address", false): Text 'Enter valid business email address' is present on page 

2023-06-09 16:00:52 - [MESSAGE][PASSED] - Text 'Enter valid business email address' is present on page 

2023-06-09 16:00:52 - [TEST_STEP][PASSED] - click(findTestObject("Object Repository/Assignment/SauceDemo/Page_Request a Sauce Labs Demo/span_Company details")): Object: 'Object Repository/Assignment/SauceDemo/Page_Request a Sauce Labs Demo/span_Company details' is clicked on

2023-06-09 16:00:53 - [MESSAGE][PASSED] - Object: 'Object Repository/Assignment/SauceDemo/Page_Request a Sauce Labs Demo/span_Company details' is clicked on

2023-06-09 16:00:53 - [TEST_STEP][PASSED] - setText(findTestObject("Object Repository/Assignment/SauceDemo/Page_Request a Sauce Labs Demo/input__Email"), Email2): Text 'kunj.k@simformsolutions.com' is set on object 'Object Repository/Assignment/SauceDemo/Page_Request a Sauce Labs Demo/input__Email'

2023-06-09 16:00:54 - [MESSAGE][PASSED] - Text 'kunj.k@simformsolutions.com' is set on object 'Object Repository/Assignment/SauceDemo/Page_Request a Sauce Labs Demo/input__Email'

2023-06-09 16:00:54 - [TEST_STEP][PASSED] - verifyElementAttributeValue(findTestObject("Object Repository/Assignment/SauceDemo/Page_Request a Sauce Labs Demo/input__Email"), "value", Email2, 0): Object 'Object Repository/Assignment/SauceDemo/Page_Request a Sauce Labs Demo/input__Email' has attribute 'value' with value 'kunj.k@simformsolutions.com'

2023-06-09 16:00:54 - [MESSAGE][WARNING] - Timeout '0' is invalid. Using default page load timeout: '30'

2023-06-09 16:00:54 - [MESSAGE][PASSED] - Object 'Object Repository/Assignment/SauceDemo/Page_Request a Sauce Labs Demo/input__Email' has attribute 'value' with value 'kunj.k@simformsolutions.com'

2023-06-09 16:00:54 - [TEST_STEP][PASSED] - click(findTestObject("Object Repository/Assignment/SauceDemo/Page_Request a Sauce Labs Demo/button_Submit")): Object: 'Object Repository/Assignment/SauceDemo/Page_Request a Sauce Labs Demo/button_Submit' is clicked on

2023-06-09 16:00:56 - [MESSAGE][PASSED] - Object: 'Object Repository/Assignment/SauceDemo/Page_Request a Sauce Labs Demo/button_Submit' is clicked on

2023-06-09 16:00:56 - [TEST_STEP][PASSED] - delay(5): Delayed 5 second(s)

2023-06-09 16:01:01 - [MESSAGE][PASSED] - Delayed 5 second(s)

2023-06-09 16:01:01 - [TEST_STEP][PASSED] - verifyTextPresent("Thank you for your request.", false): Text 'Thank you for your request.' is present on page 

2023-06-09 16:01:02 - [MESSAGE][PASSED] - Text 'Thank you for your request.' is present on page 

2023-06-09 16:01:02 - [TEST_STEP][PASSED] - delay(2): Delayed 2 second(s)

2023-06-09 16:01:04 - [MESSAGE][PASSED] - Delayed 2 second(s)

2023-06-09 16:01:04 - [TEST_STEP][PASSED] - closeBrowser(): Browser is closed

2023-06-09 16:01:04 - [MESSAGE][PASSED] - Browser is closed

2023-06-09 16:01:04 - [TEST_STEP][PASSED] - Start listener action : sampleAfterTestCase: Browser is closed

2023-06-09 16:01:04 - [TEST_STEP][PASSED] - closeBrowser(): Browser is closed

2023-06-09 16:01:04 - [MESSAGE][PASSED] - Browser is closed]]></system-out>
         <system-err><![CDATA[]]></system-err>
      </testcase>
      <testcase name="Test Cases/Final_Assignment/Saucedemo/Saucedemo_Addtocart" time="27.042" classname="Test Cases/Final_Assignment/Saucedemo/Saucedemo_Addtocart" status="PASSED">
         <system-out><![CDATA[2023-06-09 16:01:04 - [TEST_CASE][PASSED] - Test Cases/Final_Assignment/Saucedemo/Saucedemo_Addtocart: Test Cases/Final_Assignment/Saucedemo/Saucedemo_Addtocart

2023-06-09 16:01:04 - [TEST_STEP][PASSED] - Start listener action : sampleBeforeTestCase: Navigate to 'https://www.saucedemo.com/' successfully

2023-06-09 16:01:04 - [TEST_STEP][PASSED] - openBrowser(""): Browser is opened with url: ''

2023-06-09 16:01:04 - [MESSAGE][INFO] - Starting 'Chrome' driver

2023-06-09 16:01:04 - [MESSAGE][INFO] - Action delay is set to 0 milliseconds

2023-06-09 16:01:05 - [MESSAGE][PASSED] - Browser is opened with url: ''

2023-06-09 16:01:05 - [TEST_STEP][PASSED] - navigateToUrl(Saucedemo): Navigate to 'https://www.saucedemo.com/' successfully

2023-06-09 16:01:06 - [MESSAGE][PASSED] - Navigate to 'https://www.saucedemo.com/' successfully

2023-06-09 16:01:07 - [TEST_STEP][PASSED] - openBrowser(""): Browser is opened with url: ''

2023-06-09 16:01:07 - [MESSAGE][WARNING] - A browser is already opened. Closing browser and opening a new one

2023-06-09 16:01:07 - [MESSAGE][INFO] - Starting 'Chrome' driver

2023-06-09 16:01:07 - [MESSAGE][INFO] - Action delay is set to 0 milliseconds

2023-06-09 16:01:08 - [MESSAGE][PASSED] - Browser is opened with url: ''

2023-06-09 16:01:08 - [TEST_STEP][PASSED] - maximizeWindow(): Current window maximized

2023-06-09 16:01:08 - [MESSAGE][PASSED] - Current window maximized

2023-06-09 16:01:08 - [TEST_STEP][PASSED] - navigateToUrl(Saucedemo): Navigate to 'https://www.saucedemo.com/' successfully

2023-06-09 16:01:09 - [MESSAGE][PASSED] - Navigate to 'https://www.saucedemo.com/' successfully

2023-06-09 16:01:09 - [TEST_STEP][PASSED] - com.Saucedemo_Login.Login("Object Repository/Assignment/SauceDemo/Page_Swag Labs/input_Swag Labs_user-name", EndUser, "Object Repository/Assignment/SauceDemo/Page_Swag Labs/input_Swag Labs_password", Password, "Object Repository/Assignment/SauceDemo/Page_Swag Labs/input_Swag Labs_login-button"): com.Saucedemo_Login.Login is PASSED

2023-06-09 16:01:09 - [MESSAGE][PASSED] - Text 'standard_user' is set on object 'Object Repository/Assignment/SauceDemo/Page_Swag Labs/input_Swag Labs_user-name'

2023-06-09 16:01:10 - [MESSAGE][PASSED] - Text 'secret_sauce' is set on object 'Object Repository/Assignment/SauceDemo/Page_Swag Labs/input_Swag Labs_password'

2023-06-09 16:01:11 - [MESSAGE][PASSED] - Object: 'Object Repository/Assignment/SauceDemo/Page_Swag Labs/input_Swag Labs_login-button' is clicked on

2023-06-09 16:01:11 - [MESSAGE][PASSED] - com.Saucedemo_Login.Login is PASSED

2023-06-09 16:01:11 - [TEST_STEP][PASSED] - delay(3): Delayed 3 second(s)

2023-06-09 16:01:14 - [MESSAGE][PASSED] - Delayed 3 second(s)

2023-06-09 16:01:14 - [TEST_STEP][PASSED] - getUrl().equals("https://www.saucedemo.com/inventory.html"): Current window's url is: 'https://www.saucedemo.com/inventory.html'

2023-06-09 16:01:14 - [MESSAGE][PASSED] - Current window's url is: 'https://www.saucedemo.com/inventory.html'

2023-06-09 16:01:14 - [TEST_STEP][PASSED] - click(findTestObject("Object Repository/Assignment/SauceDemo/Page_Swag Labs/button_Add to cart")): Object: 'Object Repository/Assignment/SauceDemo/Page_Swag Labs/button_Add to cart' is clicked on

2023-06-09 16:01:14 - [MESSAGE][PASSED] - Object: 'Object Repository/Assignment/SauceDemo/Page_Swag Labs/button_Add to cart' is clicked on

2023-06-09 16:01:14 - [TEST_STEP][PASSED] - click(findTestObject("Object Repository/Assignment/SauceDemo/Page_Swag Labs/button_Add to cart_1")): Object: 'Object Repository/Assignment/SauceDemo/Page_Swag Labs/button_Add to cart_1' is clicked on

2023-06-09 16:01:15 - [MESSAGE][PASSED] - Object: 'Object Repository/Assignment/SauceDemo/Page_Swag Labs/button_Add to cart_1' is clicked on

2023-06-09 16:01:15 - [TEST_STEP][PASSED] - click(findTestObject("Object Repository/Assignment/SauceDemo/Page_Swag Labs/a_2")): Object: 'Object Repository/Assignment/SauceDemo/Page_Swag Labs/a_2' is clicked on

2023-06-09 16:01:15 - [MESSAGE][PASSED] - Object: 'Object Repository/Assignment/SauceDemo/Page_Swag Labs/a_2' is clicked on

2023-06-09 16:01:15 - [TEST_STEP][PASSED] - click(findTestObject("Object Repository/Assignment/SauceDemo/Page_Swag Labs/button_Remove")): Object: 'Object Repository/Assignment/SauceDemo/Page_Swag Labs/button_Remove' is clicked on

2023-06-09 16:01:16 - [MESSAGE][PASSED] - Object: 'Object Repository/Assignment/SauceDemo/Page_Swag Labs/button_Remove' is clicked on

2023-06-09 16:01:16 - [TEST_STEP][PASSED] - click(findTestObject("Object Repository/Assignment/SauceDemo/Page_Swag Labs/button_Checkout")): Object: 'Object Repository/Assignment/SauceDemo/Page_Swag Labs/button_Checkout' is clicked on

2023-06-09 16:01:17 - [MESSAGE][PASSED] - Object: 'Object Repository/Assignment/SauceDemo/Page_Swag Labs/button_Checkout' is clicked on

2023-06-09 16:01:17 - [TEST_STEP][PASSED] - verifyTextPresent("Checkout: Your Information", false): Text 'Checkout: Your Information' is present on page 

2023-06-09 16:01:17 - [MESSAGE][PASSED] - Text 'Checkout: Your Information' is present on page 

2023-06-09 16:01:17 - [TEST_STEP][PASSED] - setText(findTestObject("Object Repository/Assignment/SauceDemo/Page_Swag Labs/input_Checkout Your Information_firstName"), Firstname): Text 'Kunj' is set on object 'Object Repository/Assignment/SauceDemo/Page_Swag Labs/input_Checkout Your Information_firstName'

2023-06-09 16:01:18 - [MESSAGE][PASSED] - Text 'Kunj' is set on object 'Object Repository/Assignment/SauceDemo/Page_Swag Labs/input_Checkout Your Information_firstName'

2023-06-09 16:01:18 - [TEST_STEP][PASSED] - verifyElementAttributeValue(findTestObject("Object Repository/Assignment/SauceDemo/Page_Swag Labs/input_Checkout Your Information_firstName"), "value", Firstname, 1): Object 'Object Repository/Assignment/SauceDemo/Page_Swag Labs/input_Checkout Your Information_firstName' has attribute 'value' with value 'Kunj'

2023-06-09 16:01:19 - [MESSAGE][PASSED] - Object 'Object Repository/Assignment/SauceDemo/Page_Swag Labs/input_Checkout Your Information_firstName' has attribute 'value' with value 'Kunj'

2023-06-09 16:01:19 - [TEST_STEP][PASSED] - setText(findTestObject("Object Repository/Assignment/SauceDemo/Page_Swag Labs/input_Checkout Your Information_lastName"), Lastname): Text 'Patel' is set on object 'Object Repository/Assignment/SauceDemo/Page_Swag Labs/input_Checkout Your Information_lastName'

2023-06-09 16:01:20 - [MESSAGE][PASSED] - Text 'Patel' is set on object 'Object Repository/Assignment/SauceDemo/Page_Swag Labs/input_Checkout Your Information_lastName'

2023-06-09 16:01:20 - [TEST_STEP][PASSED] - verifyElementAttributeValue(findTestObject("Object Repository/Assignment/SauceDemo/Page_Swag Labs/input_Checkout Your Information_lastName"), "value", Lastname, 1): Object 'Object Repository/Assignment/SauceDemo/Page_Swag Labs/input_Checkout Your Information_lastName' has attribute 'value' with value 'Patel'

2023-06-09 16:01:20 - [MESSAGE][PASSED] - Object 'Object Repository/Assignment/SauceDemo/Page_Swag Labs/input_Checkout Your Information_lastName' has attribute 'value' with value 'Patel'

2023-06-09 16:01:20 - [TEST_STEP][PASSED] - setText(findTestObject("Object Repository/Assignment/SauceDemo/Page_Swag Labs/input_Checkout Your Information_postalCode"), Pincode): Text '360004' is set on object 'Object Repository/Assignment/SauceDemo/Page_Swag Labs/input_Checkout Your Information_postalCode'

2023-06-09 16:01:21 - [MESSAGE][PASSED] - Text '360004' is set on object 'Object Repository/Assignment/SauceDemo/Page_Swag Labs/input_Checkout Your Information_postalCode'

2023-06-09 16:01:21 - [TEST_STEP][PASSED] - verifyElementAttributeValue(findTestObject("Object Repository/Assignment/SauceDemo/Page_Swag Labs/input_Checkout Your Information_postalCode"), "value", Pincode, 1): Object 'Object Repository/Assignment/SauceDemo/Page_Swag Labs/input_Checkout Your Information_postalCode' has attribute 'value' with value '360004'

2023-06-09 16:01:21 - [MESSAGE][PASSED] - Object 'Object Repository/Assignment/SauceDemo/Page_Swag Labs/input_Checkout Your Information_postalCode' has attribute 'value' with value '360004'

2023-06-09 16:01:21 - [TEST_STEP][PASSED] - delay(2): Delayed 2 second(s)

2023-06-09 16:01:23 - [MESSAGE][PASSED] - Delayed 2 second(s)

2023-06-09 16:01:23 - [TEST_STEP][PASSED] - click(findTestObject("Object Repository/Assignment/SauceDemo/Page_Swag Labs/input_Cancel_continue")): Object: 'Object Repository/Assignment/SauceDemo/Page_Swag Labs/input_Cancel_continue' is clicked on

2023-06-09 16:01:24 - [MESSAGE][PASSED] - Object: 'Object Repository/Assignment/SauceDemo/Page_Swag Labs/input_Cancel_continue' is clicked on

2023-06-09 16:01:24 - [TEST_STEP][PASSED] - verifyTextPresent("Payment Information", false): Text 'Payment Information' is present on page 

2023-06-09 16:01:25 - [MESSAGE][PASSED] - Text 'Payment Information' is present on page 

2023-06-09 16:01:25 - [TEST_STEP][PASSED] - click(findTestObject("Object Repository/Assignment/SauceDemo/Page_Swag Labs/button_Finish")): Object: 'Object Repository/Assignment/SauceDemo/Page_Swag Labs/button_Finish' is clicked on

2023-06-09 16:01:25 - [MESSAGE][PASSED] - Object: 'Object Repository/Assignment/SauceDemo/Page_Swag Labs/button_Finish' is clicked on

2023-06-09 16:01:25 - [TEST_STEP][PASSED] - verifyTextPresent("Thank you for your order!", false): Text 'Thank you for your order!' is present on page 

2023-06-09 16:01:25 - [MESSAGE][PASSED] - Text 'Thank you for your order!' is present on page 

2023-06-09 16:01:25 - [TEST_STEP][PASSED] - click(findTestObject("Object Repository/Assignment/SauceDemo/Page_Swag Labs/button_Back Home")): Object: 'Object Repository/Assignment/SauceDemo/Page_Swag Labs/button_Back Home' is clicked on

2023-06-09 16:01:26 - [MESSAGE][PASSED] - Object: 'Object Repository/Assignment/SauceDemo/Page_Swag Labs/button_Back Home' is clicked on

2023-06-09 16:01:26 - [TEST_STEP][PASSED] - delay(5): Delayed 5 second(s)

2023-06-09 16:01:31 - [MESSAGE][PASSED] - Delayed 5 second(s)

2023-06-09 16:01:31 - [TEST_STEP][PASSED] - closeBrowser(): Browser is closed

2023-06-09 16:01:31 - [MESSAGE][PASSED] - Browser is closed

2023-06-09 16:01:31 - [TEST_STEP][PASSED] - Start listener action : sampleAfterTestCase: Browser is closed

2023-06-09 16:01:31 - [TEST_STEP][PASSED] - closeBrowser(): Browser is closed

2023-06-09 16:01:31 - [MESSAGE][PASSED] - Browser is closed]]></system-out>
         <system-err><![CDATA[]]></system-err>
      </testcase>
      <testcase name="Test Cases/Final_Assignment/Alerts/Alerts" time="23.402" classname="Test Cases/Final_Assignment/Alerts/Alerts" status="PASSED">
         <system-out><![CDATA[2023-06-09 16:01:31 - [TEST_CASE][PASSED] - Test Cases/Final_Assignment/Alerts/Alerts: Test Cases/Final_Assignment/Alerts/Alerts

2023-06-09 16:01:31 - [TEST_STEP][PASSED] - Start listener action : sampleBeforeTestCase: Navigate to 'https://www.saucedemo.com/' successfully

2023-06-09 16:01:31 - [TEST_STEP][PASSED] - openBrowser(""): Browser is opened with url: ''

2023-06-09 16:01:31 - [MESSAGE][INFO] - Starting 'Chrome' driver

2023-06-09 16:01:31 - [MESSAGE][INFO] - Action delay is set to 0 milliseconds

2023-06-09 16:01:32 - [MESSAGE][PASSED] - Browser is opened with url: ''

2023-06-09 16:01:32 - [TEST_STEP][PASSED] - navigateToUrl(Saucedemo): Navigate to 'https://www.saucedemo.com/' successfully

2023-06-09 16:01:33 - [MESSAGE][PASSED] - Navigate to 'https://www.saucedemo.com/' successfully

2023-06-09 16:01:33 - [TEST_STEP][PASSED] - openBrowser(""): Browser is opened with url: ''

2023-06-09 16:01:33 - [MESSAGE][WARNING] - A browser is already opened. Closing browser and opening a new one

2023-06-09 16:01:33 - [MESSAGE][INFO] - Starting 'Chrome' driver

2023-06-09 16:01:33 - [MESSAGE][INFO] - Action delay is set to 0 milliseconds

2023-06-09 16:01:34 - [MESSAGE][PASSED] - Browser is opened with url: ''

2023-06-09 16:01:34 - [TEST_STEP][PASSED] - maximizeWindow(): Current window maximized

2023-06-09 16:01:34 - [MESSAGE][PASSED] - Current window maximized

2023-06-09 16:01:34 - [TEST_STEP][PASSED] - navigateToUrl(Alert): Navigate to 'https://demo.automationtesting.in/Alerts.html' successfully

2023-06-09 16:01:35 - [MESSAGE][PASSED] - Navigate to 'https://demo.automationtesting.in/Alerts.html' successfully

2023-06-09 16:01:35 - [TEST_STEP][PASSED] - click(findTestObject("Object Repository/Assignment/Alerts/Page_Alerts/a_Alert with OK")): Object: 'Object Repository/Assignment/Alerts/Page_Alerts/a_Alert with OK' is clicked on

2023-06-09 16:01:35 - [MESSAGE][PASSED] - Object: 'Object Repository/Assignment/Alerts/Page_Alerts/a_Alert with OK' is clicked on

2023-06-09 16:01:35 - [TEST_STEP][PASSED] - click(findTestObject("Object Repository/Assignment/Alerts/Page_Alerts/button_click the button to display an  alert box")): Object: 'Object Repository/Assignment/Alerts/Page_Alerts/button_click the button to display an  alert box' is clicked on

2023-06-09 16:01:36 - [MESSAGE][PASSED] - Object: 'Object Repository/Assignment/Alerts/Page_Alerts/button_click the button to display an  alert box' is clicked on

2023-06-09 16:01:36 - [TEST_STEP][PASSED] - waitForAlert(5): Alert is present after 5 second(s).

2023-06-09 16:01:36 - [MESSAGE][PASSED] - Alert is present after 5 second(s).

2023-06-09 16:01:36 - [TEST_STEP][PASSED] - delay(2): Delayed 2 second(s)

2023-06-09 16:01:38 - [MESSAGE][PASSED] - Delayed 2 second(s)

2023-06-09 16:01:38 - [TEST_STEP][PASSED] - acceptAlert(): Alert accepted

2023-06-09 16:01:38 - [MESSAGE][PASSED] - Alert accepted

2023-06-09 16:01:38 - [TEST_STEP][PASSED] - click(findTestObject("Object Repository/Assignment/Alerts/Page_Alerts/a_Alert with OK  Cancel")): Object: 'Object Repository/Assignment/Alerts/Page_Alerts/a_Alert with OK  Cancel' is clicked on

2023-06-09 16:01:38 - [MESSAGE][PASSED] - Object: 'Object Repository/Assignment/Alerts/Page_Alerts/a_Alert with OK  Cancel' is clicked on

2023-06-09 16:01:38 - [TEST_STEP][PASSED] - click(findTestObject("Object Repository/Assignment/Alerts/Page_Alerts/button_click the button to display a confirm box")): Object: 'Object Repository/Assignment/Alerts/Page_Alerts/button_click the button to display a confirm box' is clicked on

2023-06-09 16:01:39 - [MESSAGE][PASSED] - Object: 'Object Repository/Assignment/Alerts/Page_Alerts/button_click the button to display a confirm box' is clicked on

2023-06-09 16:01:39 - [TEST_STEP][PASSED] - waitForAlert(5): Alert is present after 5 second(s).

2023-06-09 16:01:39 - [MESSAGE][PASSED] - Alert is present after 5 second(s).

2023-06-09 16:01:39 - [TEST_STEP][PASSED] - delay(2): Delayed 2 second(s)

2023-06-09 16:01:41 - [MESSAGE][PASSED] - Delayed 2 second(s)

2023-06-09 16:01:41 - [TEST_STEP][PASSED] - acceptAlert(): Alert accepted

2023-06-09 16:01:41 - [MESSAGE][PASSED] - Alert accepted

2023-06-09 16:01:41 - [TEST_STEP][PASSED] - click(findTestObject("Object Repository/Assignment/Alerts/Page_Alerts/a_Alert with OK  Cancel")): Object: 'Object Repository/Assignment/Alerts/Page_Alerts/a_Alert with OK  Cancel' is clicked on

2023-06-09 16:01:42 - [MESSAGE][PASSED] - Object: 'Object Repository/Assignment/Alerts/Page_Alerts/a_Alert with OK  Cancel' is clicked on

2023-06-09 16:01:42 - [TEST_STEP][PASSED] - click(findTestObject("Object Repository/Assignment/Alerts/Page_Alerts/button_click the button to display a confirm box")): Object: 'Object Repository/Assignment/Alerts/Page_Alerts/button_click the button to display a confirm box' is clicked on

2023-06-09 16:01:42 - [MESSAGE][PASSED] - Object: 'Object Repository/Assignment/Alerts/Page_Alerts/button_click the button to display a confirm box' is clicked on

2023-06-09 16:01:42 - [TEST_STEP][PASSED] - waitForAlert(5): Alert is present after 5 second(s).

2023-06-09 16:01:42 - [MESSAGE][PASSED] - Alert is present after 5 second(s).

2023-06-09 16:01:42 - [TEST_STEP][PASSED] - delay(2): Delayed 2 second(s)

2023-06-09 16:01:44 - [MESSAGE][PASSED] - Delayed 2 second(s)

2023-06-09 16:01:44 - [TEST_STEP][PASSED] - dismissAlert(): Alert dismissed

2023-06-09 16:01:44 - [MESSAGE][PASSED] - Alert dismissed

2023-06-09 16:01:44 - [TEST_STEP][PASSED] - click(findTestObject("Object Repository/Assignment/Alerts/Page_Alerts/a_Alert with Textbox")): Object: 'Object Repository/Assignment/Alerts/Page_Alerts/a_Alert with Textbox' is clicked on

2023-06-09 16:01:45 - [MESSAGE][PASSED] - Object: 'Object Repository/Assignment/Alerts/Page_Alerts/a_Alert with Textbox' is clicked on

2023-06-09 16:01:45 - [TEST_STEP][PASSED] - click(findTestObject("Object Repository/Assignment/Alerts/Page_Alerts/button_click the button to demonstrate the _b1783c")): Object: 'Object Repository/Assignment/Alerts/Page_Alerts/button_click the button to demonstrate the _b1783c' is clicked on

2023-06-09 16:01:45 - [MESSAGE][PASSED] - Object: 'Object Repository/Assignment/Alerts/Page_Alerts/button_click the button to demonstrate the _b1783c' is clicked on

2023-06-09 16:01:45 - [TEST_STEP][PASSED] - waitForAlert(5): Alert is present after 5 second(s).

2023-06-09 16:01:45 - [MESSAGE][PASSED] - Alert is present after 5 second(s).

2023-06-09 16:01:45 - [TEST_STEP][PASSED] - delay(2): Delayed 2 second(s)

2023-06-09 16:01:47 - [MESSAGE][PASSED] - Delayed 2 second(s)

2023-06-09 16:01:47 - [TEST_STEP][PASSED] - setAlertText("Kunj"): Set alert text 'Kunj' successfully

2023-06-09 16:01:47 - [MESSAGE][PASSED] - Set alert text 'Kunj' successfully

2023-06-09 16:01:47 - [TEST_STEP][PASSED] - delay(2): Delayed 2 second(s)

2023-06-09 16:01:49 - [MESSAGE][PASSED] - Delayed 2 second(s)

2023-06-09 16:01:49 - [TEST_STEP][PASSED] - acceptAlert(): Alert accepted

2023-06-09 16:01:49 - [MESSAGE][PASSED] - Alert accepted

2023-06-09 16:01:49 - [TEST_STEP][PASSED] - delay(5): Delayed 5 second(s)

2023-06-09 16:01:54 - [MESSAGE][PASSED] - Delayed 5 second(s)

2023-06-09 16:01:54 - [TEST_STEP][PASSED] - closeBrowser(): Browser is closed

2023-06-09 16:01:54 - [MESSAGE][PASSED] - Browser is closed

2023-06-09 16:01:54 - [TEST_STEP][PASSED] - Start listener action : sampleAfterTestCase: Browser is closed

2023-06-09 16:01:54 - [TEST_STEP][PASSED] - closeBrowser(): Browser is closed

2023-06-09 16:01:54 - [MESSAGE][PASSED] - Browser is closed]]></system-out>
         <system-err><![CDATA[]]></system-err>
      </testcase>
      <system-out><![CDATA[2023-06-09 15:58:58 - [TEST_SUITE][FAILED] - Saucedemo: Test Cases/Final_Assignment/Saucedemo/Saucedemo_Request_Demosite FAILED.
Reason:
com.kms.katalon.core.exception.StepFailedException: Unable to verify text 'Enter valid business email address' is present 
	at com.kms.katalon.core.webui.keyword.internal.WebUIKeywordMain.stepFailed(WebUIKeywordMain.groovy:64)
	at com.kms.katalon.core.webui.keyword.internal.WebUIKeywordMain.runKeyword(WebUIKeywordMain.groovy:26)
	at com.kms.katalon.core.webui.keyword.builtin.VerifyTextPresentKeyword.verifyTextPresent(VerifyTextPresentKeyword.groovy:83)
	at com.kms.katalon.core.webui.keyword.builtin.VerifyTextPresentKeyword.execute(VerifyTextPresentKeyword.groovy:68)
	at com.kms.katalon.core.keyword.internal.KeywordExecutor.executeKeywordForPlatform(KeywordExecutor.groovy:74)
	at com.kms.katalon.core.webui.keyword.WebUiBuiltInKeywords.verifyTextPresent(WebUiBuiltInKeywords.groovy:1723)
	at com.kms.katalon.core.webui.keyword.WebUiBuiltInKeywords$verifyTextPresent$7.call(Unknown Source)
	at Saucedemo_Request_Demosite.run(Saucedemo_Request_Demosite:69)
	at com.kms.katalon.core.main.ScriptEngine.run(ScriptEngine.java:194)
	at com.kms.katalon.core.main.ScriptEngine.runScriptAsRawText(ScriptEngine.java:119)
	at com.kms.katalon.core.main.TestCaseExecutor.runScript(TestCaseExecutor.java:448)
	at com.kms.katalon.core.main.TestCaseExecutor.doExecute(TestCaseExecutor.java:439)
	at com.kms.katalon.core.main.TestCaseExecutor.processExecutionPhase(TestCaseExecutor.java:418)
	at com.kms.katalon.core.main.TestCaseExecutor.accessMainPhase(TestCaseExecutor.java:410)
	at com.kms.katalon.core.main.TestCaseExecutor.execute(TestCaseExecutor.java:285)
	at com.kms.katalon.core.common.CommonExecutor.accessTestCaseMainPhase(CommonExecutor.java:65)
	at com.kms.katalon.core.main.TestSuiteExecutor.accessTestSuiteMainPhase(TestSuiteExecutor.java:148)
	at com.kms.katalon.core.main.TestSuiteExecutor.execute(TestSuiteExecutor.java:106)
	at com.kms.katalon.core.main.TestCaseMain.startTestSuite(TestCaseMain.java:187)
	at com.kms.katalon.core.main.TestCaseMain$startTestSuite$0.call(Unknown Source)
	at TempTestSuite1686306529741.run(TempTestSuite1686306529741.groovy:36)
Caused by: com.kms.katalon.core.exception.StepFailedException: Text 'Enter valid business email address' is not present on page 
	at com.kms.katalon.core.webui.keyword.internal.WebUIKeywordMain.stepFailed(WebUIKeywordMain.groovy:64)
	at com.kms.katalon.core.webui.keyword.builtin.VerifyTextPresentKeyword$_verifyTextPresent_closure1.doCall(VerifyTextPresentKeyword.groovy:79)
	at com.kms.katalon.core.webui.keyword.builtin.VerifyTextPresentKeyword$_verifyTextPresent_closure1.call(VerifyTextPresentKeyword.groovy)
	at com.kms.katalon.core.webui.keyword.internal.WebUIKeywordMain.runKeyword(WebUIKeywordMain.groovy:20)
	... 19 more]]></system-out>
      <system-err><![CDATA[2023-06-09 15:58:58 - [TEST_SUITE][FAILED] - Saucedemo: Test Cases/Final_Assignment/Saucedemo/Saucedemo_Request_Demosite FAILED.
Reason:
com.kms.katalon.core.exception.StepFailedException: Unable to verify text 'Enter valid business email address' is present 
	at com.kms.katalon.core.webui.keyword.internal.WebUIKeywordMain.stepFailed(WebUIKeywordMain.groovy:64)
	at com.kms.katalon.core.webui.keyword.internal.WebUIKeywordMain.runKeyword(WebUIKeywordMain.groovy:26)
	at com.kms.katalon.core.webui.keyword.builtin.VerifyTextPresentKeyword.verifyTextPresent(VerifyTextPresentKeyword.groovy:83)
	at com.kms.katalon.core.webui.keyword.builtin.VerifyTextPresentKeyword.execute(VerifyTextPresentKeyword.groovy:68)
	at com.kms.katalon.core.keyword.internal.KeywordExecutor.executeKeywordForPlatform(KeywordExecutor.groovy:74)
	at com.kms.katalon.core.webui.keyword.WebUiBuiltInKeywords.verifyTextPresent(WebUiBuiltInKeywords.groovy:1723)
	at com.kms.katalon.core.webui.keyword.WebUiBuiltInKeywords$verifyTextPresent$7.call(Unknown Source)
	at Saucedemo_Request_Demosite.run(Saucedemo_Request_Demosite:69)
	at com.kms.katalon.core.main.ScriptEngine.run(ScriptEngine.java:194)
	at com.kms.katalon.core.main.ScriptEngine.runScriptAsRawText(ScriptEngine.java:119)
	at com.kms.katalon.core.main.TestCaseExecutor.runScript(TestCaseExecutor.java:448)
	at com.kms.katalon.core.main.TestCaseExecutor.doExecute(TestCaseExecutor.java:439)
	at com.kms.katalon.core.main.TestCaseExecutor.processExecutionPhase(TestCaseExecutor.java:418)
	at com.kms.katalon.core.main.TestCaseExecutor.accessMainPhase(TestCaseExecutor.java:410)
	at com.kms.katalon.core.main.TestCaseExecutor.execute(TestCaseExecutor.java:285)
	at com.kms.katalon.core.common.CommonExecutor.accessTestCaseMainPhase(CommonExecutor.java:65)
	at com.kms.katalon.core.main.TestSuiteExecutor.accessTestSuiteMainPhase(TestSuiteExecutor.java:148)
	at com.kms.katalon.core.main.TestSuiteExecutor.execute(TestSuiteExecutor.java:106)
	at com.kms.katalon.core.main.TestCaseMain.startTestSuite(TestCaseMain.java:187)
	at com.kms.katalon.core.main.TestCaseMain$startTestSuite$0.call(Unknown Source)
	at TempTestSuite1686306529741.run(TempTestSuite1686306529741.groovy:36)
Caused by: com.kms.katalon.core.exception.StepFailedException: Text 'Enter valid business email address' is not present on page 
	at com.kms.katalon.core.webui.keyword.internal.WebUIKeywordMain.stepFailed(WebUIKeywordMain.groovy:64)
	at com.kms.katalon.core.webui.keyword.builtin.VerifyTextPresentKeyword$_verifyTextPresent_closure1.doCall(VerifyTextPresentKeyword.groovy:79)
	at com.kms.katalon.core.webui.keyword.builtin.VerifyTextPresentKeyword$_verifyTextPresent_closure1.call(VerifyTextPresentKeyword.groovy)
	at com.kms.katalon.core.webui.keyword.internal.WebUIKeywordMain.runKeyword(WebUIKeywordMain.groovy:20)
	... 19 more]]></system-err>
   </testsuite>
   <testsuite name="Saucedemo_Login" tests="4" failures="0" errors="0" time="40.986" skipped="0" timestamp="2023-06-09 16:02:16" hostname="kunj - SF-CPU-579" id="Test Suites/Saucedemo_Login">
      <properties>
         <property name="deviceName" value=""/>
         <property name="devicePlatform" value=""/>
         <property name="logFolder" value="/home/kunj/git/KatalonTest/Reports/20230609_155848/Saucedemo_Login/20230609_155851"/>
         <property name="logFiles" value="/home/kunj/git/KatalonTest/Reports/20230609_155848/Saucedemo_Login/20230609_155851/execution0.log"/>
         <property name="attachments" value=""/>
         <property name="hostName" value="kunj - SF-CPU-579"/>
         <property name="os" value="Linux 64bit"/>
         <property name="katalonVersion" value="8.6.5.208"/>
         <property name="browser" value="Chrome 110.0.0.0"/>
         <property name="hostAddress" value="127.0.1.1"/>
         <property name="sessionId" value="57451c569d31a187ebac7dbb293d7a6d"/>
         <property name="seleniumVersion" value="3.141.59"/>
         <property name="proxyInformation" value="ProxyInformation { proxyOption=NO_PROXY, proxyServerType=HTTP, username=, password=********, proxyServerAddress=, proxyServerPort=0, executionList=&quot;&quot;, isApplyToDesiredCapabilities=true }"/>
         <property name="platform" value="Linux"/>
      </properties>
      <testcase name="Test Cases/Final_Assignment/Saucedemo/Saucedemo_Login_Data" time="10.966" classname="Test Cases/Final_Assignment/Saucedemo/Saucedemo_Login_Data" status="PASSED">
         <system-out><![CDATA[2023-06-09 16:02:16 - [TEST_CASE][PASSED] - Test Cases/Final_Assignment/Saucedemo/Saucedemo_Login_Data: Test Cases/Final_Assignment/Saucedemo/Saucedemo_Login_Data

2023-06-09 16:02:16 - [TEST_STEP][PASSED] - Start listener action : sampleBeforeTestCase: Navigate to 'https://www.saucedemo.com/' successfully

2023-06-09 16:02:17 - [TEST_STEP][PASSED] - openBrowser(""): Browser is opened with url: ''

2023-06-09 16:02:17 - [MESSAGE][INFO] - Starting 'Chrome' driver

2023-06-09 16:02:17 - [MESSAGE][INFO] - Action delay is set to 0 milliseconds

2023-06-09 16:02:19 - [MESSAGE][PASSED] - Browser is opened with url: ''

2023-06-09 16:02:19 - [TEST_STEP][PASSED] - navigateToUrl(Saucedemo): Navigate to 'https://www.saucedemo.com/' successfully

2023-06-09 16:02:20 - [MESSAGE][PASSED] - Navigate to 'https://www.saucedemo.com/' successfully

2023-06-09 16:02:20 - [TEST_STEP][PASSED] - click(findTestObject("Object Repository/Assignment/Data_Driven_Testing/Saucedemo_Login/Page_Swag Labs/input_Swag Labs_user-name")): Object: 'Object Repository/Assignment/Data_Driven_Testing/Saucedemo_Login/Page_Swag Labs/input_Swag Labs_user-name' is clicked on

2023-06-09 16:02:21 - [MESSAGE][PASSED] - Object: 'Object Repository/Assignment/Data_Driven_Testing/Saucedemo_Login/Page_Swag Labs/input_Swag Labs_user-name' is clicked on

2023-06-09 16:02:21 - [TEST_STEP][PASSED] - click(findTestObject("Object Repository/Assignment/Data_Driven_Testing/Saucedemo_Login/Page_Swag Labs/div_Accepted usernames arestandard_userlock_0ab16f")): Object: 'Object Repository/Assignment/Data_Driven_Testing/Saucedemo_Login/Page_Swag Labs/div_Accepted usernames arestandard_userlock_0ab16f' is clicked on

2023-06-09 16:02:22 - [MESSAGE][PASSED] - Object: 'Object Repository/Assignment/Data_Driven_Testing/Saucedemo_Login/Page_Swag Labs/div_Accepted usernames arestandard_userlock_0ab16f' is clicked on

2023-06-09 16:02:22 - [TEST_STEP][PASSED] - setText(findTestObject("Object Repository/Assignment/Data_Driven_Testing/Saucedemo_Login/Page_Swag Labs/input_Swag Labs_user-name"), Username): Text 'standard_user' is set on object 'Object Repository/Assignment/Data_Driven_Testing/Saucedemo_Login/Page_Swag Labs/input_Swag Labs_user-name'

2023-06-09 16:02:22 - [MESSAGE][PASSED] - Text 'standard_user' is set on object 'Object Repository/Assignment/Data_Driven_Testing/Saucedemo_Login/Page_Swag Labs/input_Swag Labs_user-name'

2023-06-09 16:02:22 - [TEST_STEP][PASSED] - click(findTestObject("Object Repository/Assignment/Data_Driven_Testing/Saucedemo_Login/Page_Swag Labs/div_Password for all userssecret_sauce")): Object: 'Object Repository/Assignment/Data_Driven_Testing/Saucedemo_Login/Page_Swag Labs/div_Password for all userssecret_sauce' is clicked on

2023-06-09 16:02:23 - [MESSAGE][PASSED] - Object: 'Object Repository/Assignment/Data_Driven_Testing/Saucedemo_Login/Page_Swag Labs/div_Password for all userssecret_sauce' is clicked on

2023-06-09 16:02:23 - [TEST_STEP][PASSED] - setText(findTestObject("Object Repository/Assignment/Data_Driven_Testing/Saucedemo_Login/Page_Swag Labs/input_Swag Labs_password"), Password): Text 'secret_sauce' is set on object 'Object Repository/Assignment/Data_Driven_Testing/Saucedemo_Login/Page_Swag Labs/input_Swag Labs_password'

2023-06-09 16:02:24 - [MESSAGE][PASSED] - Text 'secret_sauce' is set on object 'Object Repository/Assignment/Data_Driven_Testing/Saucedemo_Login/Page_Swag Labs/input_Swag Labs_password'

2023-06-09 16:02:24 - [TEST_STEP][PASSED] - click(findTestObject("Object Repository/Assignment/Data_Driven_Testing/Saucedemo_Login/Page_Swag Labs/input_Swag Labs_login-button")): Object: 'Object Repository/Assignment/Data_Driven_Testing/Saucedemo_Login/Page_Swag Labs/input_Swag Labs_login-button' is clicked on

2023-06-09 16:02:24 - [MESSAGE][PASSED] - Object: 'Object Repository/Assignment/Data_Driven_Testing/Saucedemo_Login/Page_Swag Labs/input_Swag Labs_login-button' is clicked on

2023-06-09 16:02:24 - [TEST_STEP][PASSED] - delay(3): Delayed 3 second(s)

2023-06-09 16:02:27 - [MESSAGE][PASSED] - Delayed 3 second(s)

2023-06-09 16:02:27 - [TEST_STEP][PASSED] - Start listener action : sampleAfterTestCase: Browser is closed

2023-06-09 16:02:27 - [TEST_STEP][PASSED] - closeBrowser(): Browser is closed

2023-06-09 16:02:27 - [MESSAGE][PASSED] - Browser is closed]]></system-out>
         <system-err><![CDATA[]]></system-err>
      </testcase>
      <testcase name="Test Cases/Final_Assignment/Saucedemo/Saucedemo_Login_Data" time="8.083" classname="Test Cases/Final_Assignment/Saucedemo/Saucedemo_Login_Data" status="PASSED">
         <system-out><![CDATA[2023-06-09 16:02:27 - [TEST_CASE][PASSED] - Test Cases/Final_Assignment/Saucedemo/Saucedemo_Login_Data: Test Cases/Final_Assignment/Saucedemo/Saucedemo_Login_Data

2023-06-09 16:02:28 - [TEST_STEP][PASSED] - Start listener action : sampleBeforeTestCase: Navigate to 'https://www.saucedemo.com/' successfully

2023-06-09 16:02:28 - [TEST_STEP][PASSED] - openBrowser(""): Browser is opened with url: ''

2023-06-09 16:02:28 - [MESSAGE][INFO] - Starting 'Chrome' driver

2023-06-09 16:02:28 - [MESSAGE][INFO] - Action delay is set to 0 milliseconds

2023-06-09 16:02:28 - [MESSAGE][PASSED] - Browser is opened with url: ''

2023-06-09 16:02:28 - [TEST_STEP][PASSED] - navigateToUrl(Saucedemo): Navigate to 'https://www.saucedemo.com/' successfully

2023-06-09 16:02:29 - [MESSAGE][PASSED] - Navigate to 'https://www.saucedemo.com/' successfully

2023-06-09 16:02:29 - [TEST_STEP][PASSED] - click(findTestObject("Object Repository/Assignment/Data_Driven_Testing/Saucedemo_Login/Page_Swag Labs/input_Swag Labs_user-name")): Object: 'Object Repository/Assignment/Data_Driven_Testing/Saucedemo_Login/Page_Swag Labs/input_Swag Labs_user-name' is clicked on

2023-06-09 16:02:30 - [MESSAGE][PASSED] - Object: 'Object Repository/Assignment/Data_Driven_Testing/Saucedemo_Login/Page_Swag Labs/input_Swag Labs_user-name' is clicked on

2023-06-09 16:02:30 - [TEST_STEP][PASSED] - click(findTestObject("Object Repository/Assignment/Data_Driven_Testing/Saucedemo_Login/Page_Swag Labs/div_Accepted usernames arestandard_userlock_0ab16f")): Object: 'Object Repository/Assignment/Data_Driven_Testing/Saucedemo_Login/Page_Swag Labs/div_Accepted usernames arestandard_userlock_0ab16f' is clicked on

2023-06-09 16:02:30 - [MESSAGE][PASSED] - Object: 'Object Repository/Assignment/Data_Driven_Testing/Saucedemo_Login/Page_Swag Labs/div_Accepted usernames arestandard_userlock_0ab16f' is clicked on

2023-06-09 16:02:30 - [TEST_STEP][PASSED] - setText(findTestObject("Object Repository/Assignment/Data_Driven_Testing/Saucedemo_Login/Page_Swag Labs/input_Swag Labs_user-name"), Username): Text 'locked_out_user' is set on object 'Object Repository/Assignment/Data_Driven_Testing/Saucedemo_Login/Page_Swag Labs/input_Swag Labs_user-name'

2023-06-09 16:02:31 - [MESSAGE][PASSED] - Text 'locked_out_user' is set on object 'Object Repository/Assignment/Data_Driven_Testing/Saucedemo_Login/Page_Swag Labs/input_Swag Labs_user-name'

2023-06-09 16:02:31 - [TEST_STEP][PASSED] - click(findTestObject("Object Repository/Assignment/Data_Driven_Testing/Saucedemo_Login/Page_Swag Labs/div_Password for all userssecret_sauce")): Object: 'Object Repository/Assignment/Data_Driven_Testing/Saucedemo_Login/Page_Swag Labs/div_Password for all userssecret_sauce' is clicked on

2023-06-09 16:02:31 - [MESSAGE][PASSED] - Object: 'Object Repository/Assignment/Data_Driven_Testing/Saucedemo_Login/Page_Swag Labs/div_Password for all userssecret_sauce' is clicked on

2023-06-09 16:02:31 - [TEST_STEP][PASSED] - setText(findTestObject("Object Repository/Assignment/Data_Driven_Testing/Saucedemo_Login/Page_Swag Labs/input_Swag Labs_password"), Password): Text 'secret_sauce' is set on object 'Object Repository/Assignment/Data_Driven_Testing/Saucedemo_Login/Page_Swag Labs/input_Swag Labs_password'

2023-06-09 16:02:32 - [MESSAGE][PASSED] - Text 'secret_sauce' is set on object 'Object Repository/Assignment/Data_Driven_Testing/Saucedemo_Login/Page_Swag Labs/input_Swag Labs_password'

2023-06-09 16:02:32 - [TEST_STEP][PASSED] - click(findTestObject("Object Repository/Assignment/Data_Driven_Testing/Saucedemo_Login/Page_Swag Labs/input_Swag Labs_login-button")): Object: 'Object Repository/Assignment/Data_Driven_Testing/Saucedemo_Login/Page_Swag Labs/input_Swag Labs_login-button' is clicked on

2023-06-09 16:02:32 - [MESSAGE][PASSED] - Object: 'Object Repository/Assignment/Data_Driven_Testing/Saucedemo_Login/Page_Swag Labs/input_Swag Labs_login-button' is clicked on

2023-06-09 16:02:32 - [TEST_STEP][PASSED] - delay(3): Delayed 3 second(s)

2023-06-09 16:02:35 - [MESSAGE][PASSED] - Delayed 3 second(s)

2023-06-09 16:02:35 - [TEST_STEP][PASSED] - Start listener action : sampleAfterTestCase: Browser is closed

2023-06-09 16:02:35 - [TEST_STEP][PASSED] - closeBrowser(): Browser is closed

2023-06-09 16:02:36 - [MESSAGE][PASSED] - Browser is closed]]></system-out>
         <system-err><![CDATA[]]></system-err>
      </testcase>
      <testcase name="Test Cases/Final_Assignment/Saucedemo/Saucedemo_Login_Data" time="7.841" classname="Test Cases/Final_Assignment/Saucedemo/Saucedemo_Login_Data" status="PASSED">
         <system-out><![CDATA[2023-06-09 16:02:36 - [TEST_CASE][PASSED] - Test Cases/Final_Assignment/Saucedemo/Saucedemo_Login_Data: Test Cases/Final_Assignment/Saucedemo/Saucedemo_Login_Data

2023-06-09 16:02:36 - [TEST_STEP][PASSED] - Start listener action : sampleBeforeTestCase: Navigate to 'https://www.saucedemo.com/' successfully

2023-06-09 16:02:36 - [TEST_STEP][PASSED] - openBrowser(""): Browser is opened with url: ''

2023-06-09 16:02:36 - [MESSAGE][INFO] - Starting 'Chrome' driver

2023-06-09 16:02:36 - [MESSAGE][INFO] - Action delay is set to 0 milliseconds

2023-06-09 16:02:36 - [MESSAGE][PASSED] - Browser is opened with url: ''

2023-06-09 16:02:36 - [TEST_STEP][PASSED] - navigateToUrl(Saucedemo): Navigate to 'https://www.saucedemo.com/' successfully

2023-06-09 16:02:37 - [MESSAGE][PASSED] - Navigate to 'https://www.saucedemo.com/' successfully

2023-06-09 16:02:37 - [TEST_STEP][PASSED] - click(findTestObject("Object Repository/Assignment/Data_Driven_Testing/Saucedemo_Login/Page_Swag Labs/input_Swag Labs_user-name")): Object: 'Object Repository/Assignment/Data_Driven_Testing/Saucedemo_Login/Page_Swag Labs/input_Swag Labs_user-name' is clicked on

2023-06-09 16:02:38 - [MESSAGE][PASSED] - Object: 'Object Repository/Assignment/Data_Driven_Testing/Saucedemo_Login/Page_Swag Labs/input_Swag Labs_user-name' is clicked on

2023-06-09 16:02:38 - [TEST_STEP][PASSED] - click(findTestObject("Object Repository/Assignment/Data_Driven_Testing/Saucedemo_Login/Page_Swag Labs/div_Accepted usernames arestandard_userlock_0ab16f")): Object: 'Object Repository/Assignment/Data_Driven_Testing/Saucedemo_Login/Page_Swag Labs/div_Accepted usernames arestandard_userlock_0ab16f' is clicked on

2023-06-09 16:02:38 - [MESSAGE][PASSED] - Object: 'Object Repository/Assignment/Data_Driven_Testing/Saucedemo_Login/Page_Swag Labs/div_Accepted usernames arestandard_userlock_0ab16f' is clicked on

2023-06-09 16:02:38 - [TEST_STEP][PASSED] - setText(findTestObject("Object Repository/Assignment/Data_Driven_Testing/Saucedemo_Login/Page_Swag Labs/input_Swag Labs_user-name"), Username): Text 'problem_user' is set on object 'Object Repository/Assignment/Data_Driven_Testing/Saucedemo_Login/Page_Swag Labs/input_Swag Labs_user-name'

2023-06-09 16:02:39 - [MESSAGE][PASSED] - Text 'problem_user' is set on object 'Object Repository/Assignment/Data_Driven_Testing/Saucedemo_Login/Page_Swag Labs/input_Swag Labs_user-name'

2023-06-09 16:02:39 - [TEST_STEP][PASSED] - click(findTestObject("Object Repository/Assignment/Data_Driven_Testing/Saucedemo_Login/Page_Swag Labs/div_Password for all userssecret_sauce")): Object: 'Object Repository/Assignment/Data_Driven_Testing/Saucedemo_Login/Page_Swag Labs/div_Password for all userssecret_sauce' is clicked on

2023-06-09 16:02:39 - [MESSAGE][PASSED] - Object: 'Object Repository/Assignment/Data_Driven_Testing/Saucedemo_Login/Page_Swag Labs/div_Password for all userssecret_sauce' is clicked on

2023-06-09 16:02:39 - [TEST_STEP][PASSED] - setText(findTestObject("Object Repository/Assignment/Data_Driven_Testing/Saucedemo_Login/Page_Swag Labs/input_Swag Labs_password"), Password): Text 'secret_sauce' is set on object 'Object Repository/Assignment/Data_Driven_Testing/Saucedemo_Login/Page_Swag Labs/input_Swag Labs_password'

2023-06-09 16:02:40 - [MESSAGE][PASSED] - Text 'secret_sauce' is set on object 'Object Repository/Assignment/Data_Driven_Testing/Saucedemo_Login/Page_Swag Labs/input_Swag Labs_password'

2023-06-09 16:02:40 - [TEST_STEP][PASSED] - click(findTestObject("Object Repository/Assignment/Data_Driven_Testing/Saucedemo_Login/Page_Swag Labs/input_Swag Labs_login-button")): Object: 'Object Repository/Assignment/Data_Driven_Testing/Saucedemo_Login/Page_Swag Labs/input_Swag Labs_login-button' is clicked on

2023-06-09 16:02:40 - [MESSAGE][PASSED] - Object: 'Object Repository/Assignment/Data_Driven_Testing/Saucedemo_Login/Page_Swag Labs/input_Swag Labs_login-button' is clicked on

2023-06-09 16:02:40 - [TEST_STEP][PASSED] - delay(3): Delayed 3 second(s)

2023-06-09 16:02:43 - [MESSAGE][PASSED] - Delayed 3 second(s)

2023-06-09 16:02:43 - [TEST_STEP][PASSED] - Start listener action : sampleAfterTestCase: Browser is closed

2023-06-09 16:02:43 - [TEST_STEP][PASSED] - closeBrowser(): Browser is closed

2023-06-09 16:02:43 - [MESSAGE][PASSED] - Browser is closed]]></system-out>
         <system-err><![CDATA[]]></system-err>
      </testcase>
      <testcase name="Test Cases/Final_Assignment/Saucedemo/Saucedemo_Login_Data" time="13.459" classname="Test Cases/Final_Assignment/Saucedemo/Saucedemo_Login_Data" status="PASSED">
         <system-out><![CDATA[2023-06-09 16:02:44 - [TEST_CASE][PASSED] - Test Cases/Final_Assignment/Saucedemo/Saucedemo_Login_Data: Test Cases/Final_Assignment/Saucedemo/Saucedemo_Login_Data

2023-06-09 16:02:44 - [TEST_STEP][PASSED] - Start listener action : sampleBeforeTestCase: Navigate to 'https://www.saucedemo.com/' successfully

2023-06-09 16:02:44 - [TEST_STEP][PASSED] - openBrowser(""): Browser is opened with url: ''

2023-06-09 16:02:44 - [MESSAGE][INFO] - Starting 'Chrome' driver

2023-06-09 16:02:44 - [MESSAGE][INFO] - Action delay is set to 0 milliseconds

2023-06-09 16:02:44 - [MESSAGE][PASSED] - Browser is opened with url: ''

2023-06-09 16:02:44 - [TEST_STEP][PASSED] - navigateToUrl(Saucedemo): Navigate to 'https://www.saucedemo.com/' successfully

2023-06-09 16:02:45 - [MESSAGE][PASSED] - Navigate to 'https://www.saucedemo.com/' successfully

2023-06-09 16:02:45 - [TEST_STEP][PASSED] - click(findTestObject("Object Repository/Assignment/Data_Driven_Testing/Saucedemo_Login/Page_Swag Labs/input_Swag Labs_user-name")): Object: 'Object Repository/Assignment/Data_Driven_Testing/Saucedemo_Login/Page_Swag Labs/input_Swag Labs_user-name' is clicked on

2023-06-09 16:02:46 - [MESSAGE][PASSED] - Object: 'Object Repository/Assignment/Data_Driven_Testing/Saucedemo_Login/Page_Swag Labs/input_Swag Labs_user-name' is clicked on

2023-06-09 16:02:46 - [TEST_STEP][PASSED] - click(findTestObject("Object Repository/Assignment/Data_Driven_Testing/Saucedemo_Login/Page_Swag Labs/div_Accepted usernames arestandard_userlock_0ab16f")): Object: 'Object Repository/Assignment/Data_Driven_Testing/Saucedemo_Login/Page_Swag Labs/div_Accepted usernames arestandard_userlock_0ab16f' is clicked on

2023-06-09 16:02:46 - [MESSAGE][PASSED] - Object: 'Object Repository/Assignment/Data_Driven_Testing/Saucedemo_Login/Page_Swag Labs/div_Accepted usernames arestandard_userlock_0ab16f' is clicked on

2023-06-09 16:02:46 - [TEST_STEP][PASSED] - setText(findTestObject("Object Repository/Assignment/Data_Driven_Testing/Saucedemo_Login/Page_Swag Labs/input_Swag Labs_user-name"), Username): Text 'performance_glitch_user' is set on object 'Object Repository/Assignment/Data_Driven_Testing/Saucedemo_Login/Page_Swag Labs/input_Swag Labs_user-name'

2023-06-09 16:02:47 - [MESSAGE][PASSED] - Text 'performance_glitch_user' is set on object 'Object Repository/Assignment/Data_Driven_Testing/Saucedemo_Login/Page_Swag Labs/input_Swag Labs_user-name'

2023-06-09 16:02:47 - [TEST_STEP][PASSED] - click(findTestObject("Object Repository/Assignment/Data_Driven_Testing/Saucedemo_Login/Page_Swag Labs/div_Password for all userssecret_sauce")): Object: 'Object Repository/Assignment/Data_Driven_Testing/Saucedemo_Login/Page_Swag Labs/div_Password for all userssecret_sauce' is clicked on

2023-06-09 16:02:47 - [MESSAGE][PASSED] - Object: 'Object Repository/Assignment/Data_Driven_Testing/Saucedemo_Login/Page_Swag Labs/div_Password for all userssecret_sauce' is clicked on

2023-06-09 16:02:47 - [TEST_STEP][PASSED] - setText(findTestObject("Object Repository/Assignment/Data_Driven_Testing/Saucedemo_Login/Page_Swag Labs/input_Swag Labs_password"), Password): Text 'secret_sauce' is set on object 'Object Repository/Assignment/Data_Driven_Testing/Saucedemo_Login/Page_Swag Labs/input_Swag Labs_password'

2023-06-09 16:02:48 - [MESSAGE][PASSED] - Text 'secret_sauce' is set on object 'Object Repository/Assignment/Data_Driven_Testing/Saucedemo_Login/Page_Swag Labs/input_Swag Labs_password'

2023-06-09 16:02:48 - [TEST_STEP][PASSED] - click(findTestObject("Object Repository/Assignment/Data_Driven_Testing/Saucedemo_Login/Page_Swag Labs/input_Swag Labs_login-button")): Object: 'Object Repository/Assignment/Data_Driven_Testing/Saucedemo_Login/Page_Swag Labs/input_Swag Labs_login-button' is clicked on

2023-06-09 16:02:54 - [MESSAGE][PASSED] - Object: 'Object Repository/Assignment/Data_Driven_Testing/Saucedemo_Login/Page_Swag Labs/input_Swag Labs_login-button' is clicked on

2023-06-09 16:02:54 - [TEST_STEP][PASSED] - delay(3): Delayed 3 second(s)

2023-06-09 16:02:57 - [MESSAGE][PASSED] - Delayed 3 second(s)

2023-06-09 16:02:57 - [TEST_STEP][PASSED] - Start listener action : sampleAfterTestCase: Browser is closed

2023-06-09 16:02:57 - [TEST_STEP][PASSED] - closeBrowser(): Browser is closed

2023-06-09 16:02:57 - [MESSAGE][PASSED] - Browser is closed]]></system-out>
         <system-err><![CDATA[]]></system-err>
      </testcase>
      <system-out><![CDATA[2023-06-09 16:02:16 - [TEST_SUITE][PASSED] - Saucedemo_Login: Test Cases/Final_Assignment/Saucedemo/Saucedemo_Login_Data]]></system-out>
      <system-err><![CDATA[]]></system-err>
   </testsuite>
</testsuites>
