<?xml version="1.0" encoding="UTF-8"?>
<testsuites name="Saucedemo" time="136.804" tests="2" failures="0" errors="0">
   <testsuite name="Saucedemo" tests="2" failures="0" errors="0" time="136.804" skipped="0" timestamp="2023-06-08 15:41:28" hostname="kunj - SF-CPU-579" id="Test Suites/Saucedemo">
      <properties>
         <property name="deviceName" value=""/>
         <property name="devicePlatform" value=""/>
         <property name="logFolder" value="/home/kunj/git/KatalonTest/Reports/20230608_154125/Saucedemo/20230608_154126"/>
         <property name="logFiles" value="/home/kunj/git/KatalonTest/Reports/20230608_154125/Saucedemo/20230608_154126/execution0.log"/>
         <property name="attachments" value="/home/kunj/git/KatalonTest/Reports/20230608_154125/Saucedemo/20230608_154126/1686219148448.png"/>
         <property name="hostName" value="kunj - SF-CPU-579"/>
         <property name="os" value="Linux 64bit"/>
         <property name="katalonVersion" value="8.6.5.208"/>
         <property name="browser" value="Chrome 110.0.0.0"/>
         <property name="hostAddress" value="127.0.1.1"/>
         <property name="sessionId" value="109872f4c95459bc295200044d830a52"/>
         <property name="seleniumVersion" value="3.141.59"/>
         <property name="proxyInformation" value="ProxyInformation { proxyOption=NO_PROXY, proxyServerType=HTTP, username=, password=********, proxyServerAddress=, proxyServerPort=0, executionList=&quot;&quot;, isApplyToDesiredCapabilities=true }"/>
         <property name="platform" value="Linux"/>
      </properties>
      <testcase name="Test Cases/Day-2/Saucedemo/Saucedemo_Request_Demosite" time="55.459" classname="Test Cases/Day-2/Saucedemo/Saucedemo_Request_Demosite" status="PASSED">
         <system-out><![CDATA[2023-06-08 15:42:28 - [TEST_CASE][PASSED] - Test Cases/Day-2/Saucedemo/Saucedemo_Request_Demosite: Test Cases/Day-2/Saucedemo/Saucedemo_Request_Demosite

2023-06-08 15:42:28 - [TEST_STEP][PASSED] - Start listener action : sampleBeforeTestCase: Navigate to 'https://www.saucedemo.com/' successfully

2023-06-08 15:42:28 - [TEST_STEP][PASSED] - openBrowser(""): Browser is opened with url: ''

2023-06-08 15:42:28 - [MESSAGE][INFO] - Starting 'Chrome' driver

2023-06-08 15:42:28 - [MESSAGE][INFO] - Action delay is set to 0 milliseconds

2023-06-08 15:42:29 - [MESSAGE][PASSED] - Browser is opened with url: ''

2023-06-08 15:42:29 - [TEST_STEP][PASSED] - navigateToUrl(Saucedemo): Navigate to 'https://www.saucedemo.com/' successfully

2023-06-08 15:42:29 - [MESSAGE][PASSED] - Navigate to 'https://www.saucedemo.com/' successfully

2023-06-08 15:42:29 - [TEST_STEP][PASSED] - openBrowser(""): Browser is opened with url: ''

2023-06-08 15:42:29 - [MESSAGE][WARNING] - A browser is already opened. Closing browser and opening a new one

2023-06-08 15:42:29 - [MESSAGE][INFO] - Starting 'Chrome' driver

2023-06-08 15:42:29 - [MESSAGE][INFO] - Action delay is set to 0 milliseconds

2023-06-08 15:42:30 - [MESSAGE][PASSED] - Browser is opened with url: ''

2023-06-08 15:42:30 - [TEST_STEP][PASSED] - navigateToUrl(Saucedemo): Navigate to 'https://www.saucedemo.com/' successfully

2023-06-08 15:42:30 - [MESSAGE][PASSED] - Navigate to 'https://www.saucedemo.com/' successfully

2023-06-08 15:42:30 - [TEST_STEP][PASSED] - com.Saucedemo_Login.Login("Object Repository/Day-2/SauceDemo/Page_Swag Labs/input_Swag Labs_user-name", EndUser, "Object Repository/Day-2/SauceDemo/Page_Swag Labs/input_Swag Labs_password", Password, "Object Repository/Day-2/SauceDemo/Page_Swag Labs/input_Swag Labs_login-button"): com.Saucedemo_Login.Login is PASSED

2023-06-08 15:42:31 - [MESSAGE][PASSED] - Text 'standard_user' is set on object 'Object Repository/Day-2/SauceDemo/Page_Swag Labs/input_Swag Labs_user-name'

2023-06-08 15:42:32 - [MESSAGE][PASSED] - Text 'secret_sauce' is set on object 'Object Repository/Day-2/SauceDemo/Page_Swag Labs/input_Swag Labs_password'

2023-06-08 15:42:32 - [MESSAGE][PASSED] - Object: 'Object Repository/Day-2/SauceDemo/Page_Swag Labs/input_Swag Labs_login-button' is clicked on

2023-06-08 15:42:32 - [MESSAGE][PASSED] - com.Saucedemo_Login.Login is PASSED

2023-06-08 15:42:32 - [TEST_STEP][PASSED] - delay(2): Delayed 2 second(s)

2023-06-08 15:42:34 - [MESSAGE][PASSED] - Delayed 2 second(s)

2023-06-08 15:42:34 - [TEST_STEP][PASSED] - verifyElementNotPresent(findTestObject("Object Repository/Day-2/SauceDemo/Page_Swag Labs/input_Swag Labs_login-button"), 1): Web element with id: 'Object Repository/Day-2/SauceDemo/Page_Swag Labs/input_Swag Labs_login-button' located by 'By.xpath: //input[@id='login-button']' is not present after '1' second(s)

2023-06-08 15:42:35 - [MESSAGE][PASSED] - Web element with id: 'Object Repository/Day-2/SauceDemo/Page_Swag Labs/input_Swag Labs_login-button' located by 'By.xpath: //input[@id='login-button']' is not present after '1' second(s)

2023-06-08 15:42:35 - [TEST_STEP][PASSED] - click(findTestObject("Object Repository/Day-2/SauceDemo/Page_Swag Labs/button_Open Menu")): Object: 'Object Repository/Day-2/SauceDemo/Page_Swag Labs/button_Open Menu' is clicked on

2023-06-08 15:42:35 - [MESSAGE][PASSED] - Object: 'Object Repository/Day-2/SauceDemo/Page_Swag Labs/button_Open Menu' is clicked on

2023-06-08 15:42:35 - [TEST_STEP][PASSED] - click(findTestObject("Object Repository/Day-2/SauceDemo/Page_Swag Labs/a_About")): Object: 'Object Repository/Day-2/SauceDemo/Page_Swag Labs/a_About' is clicked on

2023-06-08 15:42:42 - [MESSAGE][PASSED] - Object: 'Object Repository/Day-2/SauceDemo/Page_Swag Labs/a_About' is clicked on

2023-06-08 15:42:42 - [TEST_STEP][PASSED] - click(findTestObject("Object Repository/Day-2/SauceDemo/Page_Sauce Labs Cross Browser Testing, Sele_e8ee84/button_Request a demo")): Object: 'Object Repository/Day-2/SauceDemo/Page_Sauce Labs Cross Browser Testing, Sele_e8ee84/button_Request a demo' is clicked on

2023-06-08 15:42:44 - [MESSAGE][PASSED] - Object: 'Object Repository/Day-2/SauceDemo/Page_Sauce Labs Cross Browser Testing, Sele_e8ee84/button_Request a demo' is clicked on

2023-06-08 15:42:44 - [TEST_STEP][PASSED] - setText(findTestObject("Day-2/SauceDemo/Page_Request a Sauce Labs Demo/input__FirstName"), Firstname): Text 'Kunj' is set on object 'Object Repository/Day-2/SauceDemo/Page_Request a Sauce Labs Demo/input__FirstName'

2023-06-08 15:42:53 - [MESSAGE][PASSED] - Text 'Kunj' is set on object 'Object Repository/Day-2/SauceDemo/Page_Request a Sauce Labs Demo/input__FirstName'

2023-06-08 15:42:53 - [TEST_STEP][PASSED] - verifyElementAttributeValue(findTestObject("Day-2/SauceDemo/Page_Request a Sauce Labs Demo/input__FirstName"), "value", Firstname, 1): Object 'Object Repository/Day-2/SauceDemo/Page_Request a Sauce Labs Demo/input__FirstName' has attribute 'value' with value 'Kunj'

2023-06-08 15:42:54 - [MESSAGE][PASSED] - Object 'Object Repository/Day-2/SauceDemo/Page_Request a Sauce Labs Demo/input__FirstName' has attribute 'value' with value 'Kunj'

2023-06-08 15:42:54 - [TEST_STEP][PASSED] - setText(findTestObject("Object Repository/Day-2/SauceDemo/Page_Request a Sauce Labs Demo/input__LastName"), Lastname): Text 'Patel' is set on object 'Object Repository/Day-2/SauceDemo/Page_Request a Sauce Labs Demo/input__LastName'

2023-06-08 15:42:55 - [MESSAGE][PASSED] - Text 'Patel' is set on object 'Object Repository/Day-2/SauceDemo/Page_Request a Sauce Labs Demo/input__LastName'

2023-06-08 15:42:55 - [TEST_STEP][PASSED] - verifyElementAttributeValue(findTestObject("Object Repository/Day-2/SauceDemo/Page_Request a Sauce Labs Demo/input__LastName"), "value", Lastname, 1): Object 'Object Repository/Day-2/SauceDemo/Page_Request a Sauce Labs Demo/input__LastName' has attribute 'value' with value 'Patel'

2023-06-08 15:42:56 - [MESSAGE][PASSED] - Object 'Object Repository/Day-2/SauceDemo/Page_Request a Sauce Labs Demo/input__LastName' has attribute 'value' with value 'Patel'

2023-06-08 15:42:56 - [TEST_STEP][PASSED] - setText(findTestObject("Object Repository/Day-2/SauceDemo/Page_Request a Sauce Labs Demo/input__Email"), Email1): Text 'kunjpt2002@gmail.com' is set on object 'Object Repository/Day-2/SauceDemo/Page_Request a Sauce Labs Demo/input__Email'

2023-06-08 15:42:57 - [MESSAGE][PASSED] - Text 'kunjpt2002@gmail.com' is set on object 'Object Repository/Day-2/SauceDemo/Page_Request a Sauce Labs Demo/input__Email'

2023-06-08 15:42:57 - [TEST_STEP][PASSED] - verifyElementAttributeValue(findTestObject("Object Repository/Day-2/SauceDemo/Page_Request a Sauce Labs Demo/input__Email"), "value", Email1, 1): Object 'Object Repository/Day-2/SauceDemo/Page_Request a Sauce Labs Demo/input__Email' has attribute 'value' with value 'kunjpt2002@gmail.com'

2023-06-08 15:42:57 - [MESSAGE][PASSED] - Object 'Object Repository/Day-2/SauceDemo/Page_Request a Sauce Labs Demo/input__Email' has attribute 'value' with value 'kunjpt2002@gmail.com'

2023-06-08 15:42:57 - [TEST_STEP][PASSED] - setText(findTestObject("Object Repository/Day-2/SauceDemo/Page_Request a Sauce Labs Demo/input__Company"), Company): Text 'Simform' is set on object 'Object Repository/Day-2/SauceDemo/Page_Request a Sauce Labs Demo/input__Company'

2023-06-08 15:42:58 - [MESSAGE][PASSED] - Text 'Simform' is set on object 'Object Repository/Day-2/SauceDemo/Page_Request a Sauce Labs Demo/input__Company'

2023-06-08 15:42:58 - [TEST_STEP][PASSED] - verifyElementAttributeValue(findTestObject("Object Repository/Day-2/SauceDemo/Page_Request a Sauce Labs Demo/input__Company"), "value", Company, 1): Object 'Object Repository/Day-2/SauceDemo/Page_Request a Sauce Labs Demo/input__Company' has attribute 'value' with value 'Simform'

2023-06-08 15:42:59 - [MESSAGE][PASSED] - Object 'Object Repository/Day-2/SauceDemo/Page_Request a Sauce Labs Demo/input__Company' has attribute 'value' with value 'Simform'

2023-06-08 15:42:59 - [TEST_STEP][PASSED] - selectOptionByValue(findTestObject("Object Repository/Day-2/SauceDemo/Page_Request a Sauce Labs Demo/select_Select.AfghanistanAlbaniaAlgeriaAndo_2e5989"), "India", true): All options with value 'India' are selected in object 'Object Repository/Day-2/SauceDemo/Page_Request a Sauce Labs Demo/select_Select.AfghanistanAlbaniaAlgeriaAndo_2e5989'  using regular expression

2023-06-08 15:43:01 - [MESSAGE][PASSED] - All options with value 'India' are selected in object 'Object Repository/Day-2/SauceDemo/Page_Request a Sauce Labs Demo/select_Select.AfghanistanAlbaniaAlgeriaAndo_2e5989'  using regular expression

2023-06-08 15:43:01 - [TEST_STEP][PASSED] - verifyElementAttributeValue(findTestObject("Object Repository/Day-2/SauceDemo/Page_Request a Sauce Labs Demo/select_Select.AfghanistanAlbaniaAlgeriaAndo_2e5989"), "value", "India", 1): Object 'Object Repository/Day-2/SauceDemo/Page_Request a Sauce Labs Demo/select_Select.AfghanistanAlbaniaAlgeriaAndo_2e5989' has attribute 'value' with value 'India'

2023-06-08 15:43:02 - [MESSAGE][PASSED] - Object 'Object Repository/Day-2/SauceDemo/Page_Request a Sauce Labs Demo/select_Select.AfghanistanAlbaniaAlgeriaAndo_2e5989' has attribute 'value' with value 'India'

2023-06-08 15:43:02 - [TEST_STEP][PASSED] - setText(findTestObject("Object Repository/Day-2/SauceDemo/Page_Request a Sauce Labs Demo/input__Phone"), Phonenumber): Text '1234567890' is set on object 'Object Repository/Day-2/SauceDemo/Page_Request a Sauce Labs Demo/input__Phone'

2023-06-08 15:43:03 - [MESSAGE][PASSED] - Text '1234567890' is set on object 'Object Repository/Day-2/SauceDemo/Page_Request a Sauce Labs Demo/input__Phone'

2023-06-08 15:43:03 - [TEST_STEP][PASSED] - verifyElementAttributeValue(findTestObject("Object Repository/Day-2/SauceDemo/Page_Request a Sauce Labs Demo/input__Phone"), "value", Phonenumber, 1): Object 'Object Repository/Day-2/SauceDemo/Page_Request a Sauce Labs Demo/input__Phone' has attribute 'value' with value '1234567890'

2023-06-08 15:43:03 - [MESSAGE][PASSED] - Object 'Object Repository/Day-2/SauceDemo/Page_Request a Sauce Labs Demo/input__Phone' has attribute 'value' with value '1234567890'

2023-06-08 15:43:03 - [TEST_STEP][PASSED] - selectOptionByValue(findTestObject("Object Repository/Day-2/SauceDemo/Page_Request a Sauce Labs Demo/select_Select.Sauce Cross-BrowserSauce Mobi_6b7086"), "Cross-Browser Testing", true): All options with value 'Cross-Browser Testing' are selected in object 'Object Repository/Day-2/SauceDemo/Page_Request a Sauce Labs Demo/select_Select.Sauce Cross-BrowserSauce Mobi_6b7086'  using regular expression

2023-06-08 15:43:05 - [MESSAGE][PASSED] - All options with value 'Cross-Browser Testing' are selected in object 'Object Repository/Day-2/SauceDemo/Page_Request a Sauce Labs Demo/select_Select.Sauce Cross-BrowserSauce Mobi_6b7086'  using regular expression

2023-06-08 15:43:05 - [TEST_STEP][PASSED] - verifyElementAttributeValue(findTestObject("Object Repository/Day-2/SauceDemo/Page_Request a Sauce Labs Demo/select_Select.Sauce Cross-BrowserSauce Mobi_6b7086"), "value", "Cross-Browser Testing", 0): Object 'Object Repository/Day-2/SauceDemo/Page_Request a Sauce Labs Demo/select_Select.Sauce Cross-BrowserSauce Mobi_6b7086' has attribute 'value' with value 'Cross-Browser Testing'

2023-06-08 15:43:05 - [MESSAGE][WARNING] - Timeout '0' is invalid. Using default page load timeout: '30'

2023-06-08 15:43:05 - [MESSAGE][PASSED] - Object 'Object Repository/Day-2/SauceDemo/Page_Request a Sauce Labs Demo/select_Select.Sauce Cross-BrowserSauce Mobi_6b7086' has attribute 'value' with value 'Cross-Browser Testing'

2023-06-08 15:43:05 - [TEST_STEP][PASSED] - setText(findTestObject("Object Repository/Day-2/SauceDemo/Page_Request a Sauce Labs Demo/textarea__Sales_Contact_Comments__c"), "none"): Text 'none' is set on object 'Object Repository/Day-2/SauceDemo/Page_Request a Sauce Labs Demo/textarea__Sales_Contact_Comments__c'

2023-06-08 15:43:06 - [MESSAGE][PASSED] - Text 'none' is set on object 'Object Repository/Day-2/SauceDemo/Page_Request a Sauce Labs Demo/textarea__Sales_Contact_Comments__c'

2023-06-08 15:43:06 - [TEST_STEP][PASSED] - click(findTestObject("Object Repository/Day-2/SauceDemo/Page_Request a Sauce Labs Demo/label_Please check this box if youd like to_15e628")): Object: 'Object Repository/Day-2/SauceDemo/Page_Request a Sauce Labs Demo/label_Please check this box if youd like to_15e628' is clicked on

2023-06-08 15:43:07 - [MESSAGE][PASSED] - Object: 'Object Repository/Day-2/SauceDemo/Page_Request a Sauce Labs Demo/label_Please check this box if youd like to_15e628' is clicked on

2023-06-08 15:43:07 - [TEST_STEP][PASSED] - click(findTestObject("Object Repository/Day-2/SauceDemo/Page_Request a Sauce Labs Demo/button_Submit")): Object: 'Object Repository/Day-2/SauceDemo/Page_Request a Sauce Labs Demo/button_Submit' is clicked on

2023-06-08 15:43:07 - [MESSAGE][PASSED] - Object: 'Object Repository/Day-2/SauceDemo/Page_Request a Sauce Labs Demo/button_Submit' is clicked on

2023-06-08 15:43:07 - [TEST_STEP][PASSED] - click(findTestObject("Object Repository/Day-2/SauceDemo/Page_Request a Sauce Labs Demo/span_Company details")): Object: 'Object Repository/Day-2/SauceDemo/Page_Request a Sauce Labs Demo/span_Company details' is clicked on

2023-06-08 15:43:08 - [MESSAGE][PASSED] - Object: 'Object Repository/Day-2/SauceDemo/Page_Request a Sauce Labs Demo/span_Company details' is clicked on

2023-06-08 15:43:08 - [TEST_STEP][PASSED] - setText(findTestObject("Object Repository/Day-2/SauceDemo/Page_Request a Sauce Labs Demo/input__Email"), Email2): Text 'kunj.k@simformsolutions.com' is set on object 'Object Repository/Day-2/SauceDemo/Page_Request a Sauce Labs Demo/input__Email'

2023-06-08 15:43:09 - [MESSAGE][PASSED] - Text 'kunj.k@simformsolutions.com' is set on object 'Object Repository/Day-2/SauceDemo/Page_Request a Sauce Labs Demo/input__Email'

2023-06-08 15:43:09 - [TEST_STEP][PASSED] - verifyElementAttributeValue(findTestObject("Object Repository/Day-2/SauceDemo/Page_Request a Sauce Labs Demo/input__Email"), "value", Email2, 0): Object 'Object Repository/Day-2/SauceDemo/Page_Request a Sauce Labs Demo/input__Email' has attribute 'value' with value 'kunj.k@simformsolutions.com'

2023-06-08 15:43:09 - [MESSAGE][WARNING] - Timeout '0' is invalid. Using default page load timeout: '30'

2023-06-08 15:43:10 - [MESSAGE][PASSED] - Object 'Object Repository/Day-2/SauceDemo/Page_Request a Sauce Labs Demo/input__Email' has attribute 'value' with value 'kunj.k@simformsolutions.com'

2023-06-08 15:43:10 - [TEST_STEP][PASSED] - click(findTestObject("Object Repository/Day-2/SauceDemo/Page_Request a Sauce Labs Demo/button_Submit")): Object: 'Object Repository/Day-2/SauceDemo/Page_Request a Sauce Labs Demo/button_Submit' is clicked on

2023-06-08 15:43:16 - [MESSAGE][PASSED] - Object: 'Object Repository/Day-2/SauceDemo/Page_Request a Sauce Labs Demo/button_Submit' is clicked on

2023-06-08 15:43:16 - [TEST_STEP][PASSED] - delay(5): Delayed 5 second(s)

2023-06-08 15:43:21 - [MESSAGE][PASSED] - Delayed 5 second(s)

2023-06-08 15:43:21 - [TEST_STEP][PASSED] - verifyTextPresent("Thank you for your request.", false): Text 'Thank you for your request.' is present on page 

2023-06-08 15:43:22 - [MESSAGE][PASSED] - Text 'Thank you for your request.' is present on page 

2023-06-08 15:43:22 - [TEST_STEP][PASSED] - delay(2): Delayed 2 second(s)

2023-06-08 15:43:24 - [MESSAGE][PASSED] - Delayed 2 second(s)

2023-06-08 15:43:24 - [TEST_STEP][PASSED] - closeBrowser(): Browser is closed

2023-06-08 15:43:24 - [MESSAGE][PASSED] - Browser is closed

2023-06-08 15:43:24 - [TEST_STEP][PASSED] - Start listener action : sampleAfterTestCase: Browser is closed

2023-06-08 15:43:24 - [TEST_STEP][PASSED] - closeBrowser(): Browser is closed

2023-06-08 15:43:24 - [MESSAGE][PASSED] - Browser is closed]]></system-out>
         <system-err><![CDATA[]]></system-err>
      </testcase>
      <testcase name="Test Cases/Day-2/Saucedemo/Saucedemo_Addtocart" time="21.178" classname="Test Cases/Day-2/Saucedemo/Saucedemo_Addtocart" status="PASSED">
         <system-out><![CDATA[2023-06-08 15:43:24 - [TEST_CASE][PASSED] - Test Cases/Day-2/Saucedemo/Saucedemo_Addtocart: Test Cases/Day-2/Saucedemo/Saucedemo_Addtocart

2023-06-08 15:43:24 - [TEST_STEP][PASSED] - Start listener action : sampleBeforeTestCase: Navigate to 'https://www.saucedemo.com/' successfully

2023-06-08 15:43:24 - [TEST_STEP][PASSED] - openBrowser(""): Browser is opened with url: ''

2023-06-08 15:43:24 - [MESSAGE][INFO] - Starting 'Chrome' driver

2023-06-08 15:43:24 - [MESSAGE][INFO] - Action delay is set to 0 milliseconds

2023-06-08 15:43:24 - [MESSAGE][PASSED] - Browser is opened with url: ''

2023-06-08 15:43:24 - [TEST_STEP][PASSED] - navigateToUrl(Saucedemo): Navigate to 'https://www.saucedemo.com/' successfully

2023-06-08 15:43:25 - [MESSAGE][PASSED] - Navigate to 'https://www.saucedemo.com/' successfully

2023-06-08 15:43:25 - [TEST_STEP][PASSED] - openBrowser(""): Browser is opened with url: ''

2023-06-08 15:43:25 - [MESSAGE][WARNING] - A browser is already opened. Closing browser and opening a new one

2023-06-08 15:43:25 - [MESSAGE][INFO] - Starting 'Chrome' driver

2023-06-08 15:43:25 - [MESSAGE][INFO] - Action delay is set to 0 milliseconds

2023-06-08 15:43:25 - [MESSAGE][PASSED] - Browser is opened with url: ''

2023-06-08 15:43:25 - [TEST_STEP][PASSED] - navigateToUrl(Saucedemo): Navigate to 'https://www.saucedemo.com/' successfully

2023-06-08 15:43:26 - [MESSAGE][PASSED] - Navigate to 'https://www.saucedemo.com/' successfully

2023-06-08 15:43:26 - [TEST_STEP][PASSED] - com.Saucedemo_Login.Login("Object Repository/Day-2/SauceDemo/Page_Swag Labs/input_Swag Labs_user-name", EndUser, "Object Repository/Day-2/SauceDemo/Page_Swag Labs/input_Swag Labs_password", Password, "Object Repository/Day-2/SauceDemo/Page_Swag Labs/input_Swag Labs_login-button"): com.Saucedemo_Login.Login is PASSED

2023-06-08 15:43:27 - [MESSAGE][PASSED] - Text 'standard_user' is set on object 'Object Repository/Day-2/SauceDemo/Page_Swag Labs/input_Swag Labs_user-name'

2023-06-08 15:43:28 - [MESSAGE][PASSED] - Text 'secret_sauce' is set on object 'Object Repository/Day-2/SauceDemo/Page_Swag Labs/input_Swag Labs_password'

2023-06-08 15:43:28 - [MESSAGE][PASSED] - Object: 'Object Repository/Day-2/SauceDemo/Page_Swag Labs/input_Swag Labs_login-button' is clicked on

2023-06-08 15:43:28 - [MESSAGE][PASSED] - com.Saucedemo_Login.Login is PASSED

2023-06-08 15:43:28 - [TEST_STEP][PASSED] - click(findTestObject("Object Repository/Day-2/SauceDemo/Page_Swag Labs/button_Add to cart")): Object: 'Object Repository/Day-2/SauceDemo/Page_Swag Labs/button_Add to cart' is clicked on

2023-06-08 15:43:29 - [MESSAGE][PASSED] - Object: 'Object Repository/Day-2/SauceDemo/Page_Swag Labs/button_Add to cart' is clicked on

2023-06-08 15:43:29 - [TEST_STEP][PASSED] - click(findTestObject("Object Repository/Day-2/SauceDemo/Page_Swag Labs/button_Add to cart_1")): Object: 'Object Repository/Day-2/SauceDemo/Page_Swag Labs/button_Add to cart_1' is clicked on

2023-06-08 15:43:29 - [MESSAGE][PASSED] - Object: 'Object Repository/Day-2/SauceDemo/Page_Swag Labs/button_Add to cart_1' is clicked on

2023-06-08 15:43:29 - [TEST_STEP][PASSED] - click(findTestObject("Object Repository/Day-2/SauceDemo/Page_Swag Labs/a_2")): Object: 'Object Repository/Day-2/SauceDemo/Page_Swag Labs/a_2' is clicked on

2023-06-08 15:43:30 - [MESSAGE][PASSED] - Object: 'Object Repository/Day-2/SauceDemo/Page_Swag Labs/a_2' is clicked on

2023-06-08 15:43:30 - [TEST_STEP][PASSED] - click(findTestObject("Object Repository/Day-2/SauceDemo/Page_Swag Labs/button_Remove")): Object: 'Object Repository/Day-2/SauceDemo/Page_Swag Labs/button_Remove' is clicked on

2023-06-08 15:43:30 - [MESSAGE][PASSED] - Object: 'Object Repository/Day-2/SauceDemo/Page_Swag Labs/button_Remove' is clicked on

2023-06-08 15:43:30 - [TEST_STEP][PASSED] - click(findTestObject("Object Repository/Day-2/SauceDemo/Page_Swag Labs/button_Checkout")): Object: 'Object Repository/Day-2/SauceDemo/Page_Swag Labs/button_Checkout' is clicked on

2023-06-08 15:43:31 - [MESSAGE][PASSED] - Object: 'Object Repository/Day-2/SauceDemo/Page_Swag Labs/button_Checkout' is clicked on

2023-06-08 15:43:31 - [TEST_STEP][PASSED] - verifyTextPresent("Checkout: Your Information", false): Text 'Checkout: Your Information' is present on page 

2023-06-08 15:43:32 - [MESSAGE][PASSED] - Text 'Checkout: Your Information' is present on page 

2023-06-08 15:43:32 - [TEST_STEP][PASSED] - setText(findTestObject("Object Repository/Day-2/SauceDemo/Page_Swag Labs/input_Checkout Your Information_firstName"), Firstname): Text 'Kunj' is set on object 'Object Repository/Day-2/SauceDemo/Page_Swag Labs/input_Checkout Your Information_firstName'

2023-06-08 15:43:32 - [MESSAGE][PASSED] - Text 'Kunj' is set on object 'Object Repository/Day-2/SauceDemo/Page_Swag Labs/input_Checkout Your Information_firstName'

2023-06-08 15:43:32 - [TEST_STEP][PASSED] - verifyElementAttributeValue(findTestObject("Object Repository/Day-2/SauceDemo/Page_Swag Labs/input_Checkout Your Information_firstName"), "value", Firstname, 1): Object 'Object Repository/Day-2/SauceDemo/Page_Swag Labs/input_Checkout Your Information_firstName' has attribute 'value' with value 'Kunj'

2023-06-08 15:43:33 - [MESSAGE][PASSED] - Object 'Object Repository/Day-2/SauceDemo/Page_Swag Labs/input_Checkout Your Information_firstName' has attribute 'value' with value 'Kunj'

2023-06-08 15:43:33 - [TEST_STEP][PASSED] - setText(findTestObject("Object Repository/Day-2/SauceDemo/Page_Swag Labs/input_Checkout Your Information_lastName"), Lastname): Text 'Patel' is set on object 'Object Repository/Day-2/SauceDemo/Page_Swag Labs/input_Checkout Your Information_lastName'

2023-06-08 15:43:34 - [MESSAGE][PASSED] - Text 'Patel' is set on object 'Object Repository/Day-2/SauceDemo/Page_Swag Labs/input_Checkout Your Information_lastName'

2023-06-08 15:43:34 - [TEST_STEP][PASSED] - verifyElementAttributeValue(findTestObject("Object Repository/Day-2/SauceDemo/Page_Swag Labs/input_Checkout Your Information_lastName"), "value", Lastname, 1): Object 'Object Repository/Day-2/SauceDemo/Page_Swag Labs/input_Checkout Your Information_lastName' has attribute 'value' with value 'Patel'

2023-06-08 15:43:34 - [MESSAGE][PASSED] - Object 'Object Repository/Day-2/SauceDemo/Page_Swag Labs/input_Checkout Your Information_lastName' has attribute 'value' with value 'Patel'

2023-06-08 15:43:34 - [TEST_STEP][PASSED] - setText(findTestObject("Object Repository/Day-2/SauceDemo/Page_Swag Labs/input_Checkout Your Information_postalCode"), Pincode): Text '360004' is set on object 'Object Repository/Day-2/SauceDemo/Page_Swag Labs/input_Checkout Your Information_postalCode'

2023-06-08 15:43:35 - [MESSAGE][PASSED] - Text '360004' is set on object 'Object Repository/Day-2/SauceDemo/Page_Swag Labs/input_Checkout Your Information_postalCode'

2023-06-08 15:43:35 - [TEST_STEP][PASSED] - verifyElementAttributeValue(findTestObject("Object Repository/Day-2/SauceDemo/Page_Swag Labs/input_Checkout Your Information_postalCode"), "value", Pincode, 1): Object 'Object Repository/Day-2/SauceDemo/Page_Swag Labs/input_Checkout Your Information_postalCode' has attribute 'value' with value '360004'

2023-06-08 15:43:36 - [MESSAGE][PASSED] - Object 'Object Repository/Day-2/SauceDemo/Page_Swag Labs/input_Checkout Your Information_postalCode' has attribute 'value' with value '360004'

2023-06-08 15:43:36 - [TEST_STEP][PASSED] - delay(2): Delayed 2 second(s)

2023-06-08 15:43:38 - [MESSAGE][PASSED] - Delayed 2 second(s)

2023-06-08 15:43:38 - [TEST_STEP][PASSED] - click(findTestObject("Object Repository/Day-2/SauceDemo/Page_Swag Labs/input_Cancel_continue")): Object: 'Object Repository/Day-2/SauceDemo/Page_Swag Labs/input_Cancel_continue' is clicked on

2023-06-08 15:43:38 - [MESSAGE][PASSED] - Object: 'Object Repository/Day-2/SauceDemo/Page_Swag Labs/input_Cancel_continue' is clicked on

2023-06-08 15:43:38 - [TEST_STEP][PASSED] - verifyTextPresent("Payment Information", false): Text 'Payment Information' is present on page 

2023-06-08 15:43:39 - [MESSAGE][PASSED] - Text 'Payment Information' is present on page 

2023-06-08 15:43:39 - [TEST_STEP][PASSED] - click(findTestObject("Object Repository/Day-2/SauceDemo/Page_Swag Labs/button_Finish")): Object: 'Object Repository/Day-2/SauceDemo/Page_Swag Labs/button_Finish' is clicked on

2023-06-08 15:43:39 - [MESSAGE][PASSED] - Object: 'Object Repository/Day-2/SauceDemo/Page_Swag Labs/button_Finish' is clicked on

2023-06-08 15:43:39 - [TEST_STEP][PASSED] - verifyTextPresent("Thank you for your order!", false): Text 'Thank you for your order!' is present on page 

2023-06-08 15:43:39 - [MESSAGE][PASSED] - Text 'Thank you for your order!' is present on page 

2023-06-08 15:43:39 - [TEST_STEP][PASSED] - click(findTestObject("Object Repository/Day-2/SauceDemo/Page_Swag Labs/button_Back Home")): Object: 'Object Repository/Day-2/SauceDemo/Page_Swag Labs/button_Back Home' is clicked on

2023-06-08 15:43:40 - [MESSAGE][PASSED] - Object: 'Object Repository/Day-2/SauceDemo/Page_Swag Labs/button_Back Home' is clicked on

2023-06-08 15:43:40 - [TEST_STEP][PASSED] - delay(5): Delayed 5 second(s)

2023-06-08 15:43:45 - [MESSAGE][PASSED] - Delayed 5 second(s)

2023-06-08 15:43:45 - [TEST_STEP][PASSED] - closeBrowser(): Browser is closed

2023-06-08 15:43:45 - [MESSAGE][PASSED] - Browser is closed

2023-06-08 15:43:45 - [TEST_STEP][PASSED] - Start listener action : sampleAfterTestCase: Browser is closed

2023-06-08 15:43:45 - [TEST_STEP][PASSED] - closeBrowser(): Browser is closed

2023-06-08 15:43:45 - [MESSAGE][PASSED] - Browser is closed]]></system-out>
         <system-err><![CDATA[]]></system-err>
      </testcase>
      <system-out><![CDATA[2023-06-08 15:41:28 - [TEST_SUITE][FAILED] - Saucedemo: Test Cases/Day-2/Saucedemo/Saucedemo_Request_Demosite FAILED.
Reason:
com.kms.katalon.core.exception.StepFailedException: Unable to click on object 'Object Repository/Day-2/SauceDemo/Page_Sauce Labs Cross Browser Testing, Sele_e8ee84/button_Request a demo'
	at com.kms.katalon.core.webui.keyword.internal.WebUIKeywordMain.stepFailed(WebUIKeywordMain.groovy:64)
	at com.kms.katalon.core.webui.keyword.internal.WebUIKeywordMain.runKeyword(WebUIKeywordMain.groovy:26)
	at com.kms.katalon.core.webui.keyword.builtin.ClickKeyword.click(ClickKeyword.groovy:74)
	at com.kms.katalon.core.webui.keyword.builtin.ClickKeyword.execute(ClickKeyword.groovy:40)
	at com.kms.katalon.core.keyword.internal.KeywordExecutor.executeKeywordForPlatform(KeywordExecutor.groovy:74)
	at com.kms.katalon.core.webui.keyword.WebUiBuiltInKeywords.click(WebUiBuiltInKeywords.groovy:620)
	at com.kms.katalon.core.webui.keyword.WebUiBuiltInKeywords$click$2.call(Unknown Source)
	at Saucedemo_Request_Demosite.run(Saucedemo_Request_Demosite:36)
	at com.kms.katalon.core.main.ScriptEngine.run(ScriptEngine.java:194)
	at com.kms.katalon.core.main.ScriptEngine.runScriptAsRawText(ScriptEngine.java:119)
	at com.kms.katalon.core.main.TestCaseExecutor.runScript(TestCaseExecutor.java:448)
	at com.kms.katalon.core.main.TestCaseExecutor.doExecute(TestCaseExecutor.java:439)
	at com.kms.katalon.core.main.TestCaseExecutor.processExecutionPhase(TestCaseExecutor.java:418)
	at com.kms.katalon.core.main.TestCaseExecutor.accessMainPhase(TestCaseExecutor.java:410)
	at com.kms.katalon.core.main.TestCaseExecutor.execute(TestCaseExecutor.java:285)
	at com.kms.katalon.core.common.CommonExecutor.accessTestCaseMainPhase(CommonExecutor.java:65)
	at com.kms.katalon.core.main.TestSuiteExecutor.accessTestSuiteMainPhase(TestSuiteExecutor.java:148)
	at com.kms.katalon.core.main.TestSuiteExecutor.execute(TestSuiteExecutor.java:106)
	at com.kms.katalon.core.main.TestCaseMain.startTestSuite(TestCaseMain.java:187)
	at com.kms.katalon.core.main.TestCaseMain$startTestSuite$0.call(Unknown Source)
	at TempTestSuite1686219086962.run(TempTestSuite1686219086962.groovy:36)
Caused by: org.openqa.selenium.ElementClickInterceptedException: element click intercepted: Element <button class="MuiButtonBase-root MuiButton-root MuiButton-outlined MuiButton-outlinedDark MuiButton-sizeMedium MuiButton-outlinedSizeMedium MuiButton-disableElevation MuiButton-root MuiButton-outlined MuiButton-outlinedDark MuiButton-sizeMedium MuiButton-outlinedSizeMedium MuiButton-disableElevation css-hy804n" tabindex="0" type="button">...</button> is not clickable at point (268, 606). Other element would receive the click: <div class="ot-sdk-row">...</div>
  (Session info: chrome=110.0.5481.77)
Build info: version: '3.141.59', revision: 'e82be7d358', time: '2018-11-14T08:25:53'
System info: host: 'sf-cpu-579', ip: '127.0.1.1', os.name: 'Linux', os.arch: 'amd64', os.version: '5.19.0-38-generic', java.version: '1.8.0_362'
Driver info: com.kms.katalon.selenium.driver.CChromeDriver
Capabilities {acceptInsecureCerts: false, browserName: chrome, browserVersion: 110.0.5481.77, chrome: {chromedriverVersion: 110.0.5481.77 (65ed616c6e8e..., userDataDir: /tmp/.com.google.Chrome.fHM6Yk}, goog:chromeOptions: {debuggerAddress: localhost:41723}, javascriptEnabled: true, networkConnectionEnabled: false, pageLoadStrategy: normal, platform: LINUX, platformName: LINUX, proxy: Proxy(), setWindowRect: true, strictFileInteractability: false, timeouts: {implicit: 0, pageLoad: 300000, script: 30000}, unhandledPromptBehavior: dismiss and notify, webauthn:extension:credBlob: true, webauthn:extension:largeBlob: true, webauthn:virtualAuthenticators: true}
Session ID: 679b378e8139ef9939d246b0c0fe6777
	at org.openqa.selenium.remote.http.W3CHttpResponseCodec.createException(W3CHttpResponseCodec.java:187)
	at org.openqa.selenium.remote.http.W3CHttpResponseCodec.decode(W3CHttpResponseCodec.java:122)
	at org.openqa.selenium.remote.http.W3CHttpResponseCodec.decode(W3CHttpResponseCodec.java:49)
	at org.openqa.selenium.remote.HttpCommandExecutor.execute(HttpCommandExecutor.java:158)
	at org.openqa.selenium.remote.service.DriverCommandExecutor.execute(DriverCommandExecutor.java:83)
	at org.openqa.selenium.remote.RemoteWebDriver.execute(RemoteWebDriver.java:552)
	at com.kms.katalon.selenium.driver.CChromeDriver.execute(CChromeDriver.java:19)
	at org.openqa.selenium.remote.RemoteWebElement.execute(RemoteWebElement.java:285)
	at org.openqa.selenium.remote.RemoteWebElement.click(RemoteWebElement.java:84)
	at org.openqa.selenium.support.events.EventFiringWebDriver$EventFiringWebElement.lambda$new$0(EventFiringWebDriver.java:404)
	at com.sun.proxy.$Proxy13.click(Unknown Source)
	at org.openqa.selenium.support.events.EventFiringWebDriver$EventFiringWebElement.click(EventFiringWebDriver.java:417)
	at org.openqa.selenium.WebElement$click.call(Unknown Source)
	at com.kms.katalon.core.webui.keyword.builtin.ClickKeyword.clickUntilSuccessWithTimeout(ClickKeyword.groovy:81)
	at com.kms.katalon.core.webui.keyword.builtin.ClickKeyword.clickUntilSuccessWithTimeout(ClickKeyword.groovy)
	at com.kms.katalon.core.webui.keyword.builtin.ClickKeyword$_click_closure1.doCall(ClickKeyword.groovy:67)
	at com.kms.katalon.core.webui.keyword.builtin.ClickKeyword$_click_closure1.call(ClickKeyword.groovy)
	at com.kms.katalon.core.webui.keyword.internal.WebUIKeywordMain.runKeyword(WebUIKeywordMain.groovy:20)
	... 19 more]]></system-out>
      <system-err><![CDATA[2023-06-08 15:41:28 - [TEST_SUITE][FAILED] - Saucedemo: Test Cases/Day-2/Saucedemo/Saucedemo_Request_Demosite FAILED.
Reason:
com.kms.katalon.core.exception.StepFailedException: Unable to click on object 'Object Repository/Day-2/SauceDemo/Page_Sauce Labs Cross Browser Testing, Sele_e8ee84/button_Request a demo'
	at com.kms.katalon.core.webui.keyword.internal.WebUIKeywordMain.stepFailed(WebUIKeywordMain.groovy:64)
	at com.kms.katalon.core.webui.keyword.internal.WebUIKeywordMain.runKeyword(WebUIKeywordMain.groovy:26)
	at com.kms.katalon.core.webui.keyword.builtin.ClickKeyword.click(ClickKeyword.groovy:74)
	at com.kms.katalon.core.webui.keyword.builtin.ClickKeyword.execute(ClickKeyword.groovy:40)
	at com.kms.katalon.core.keyword.internal.KeywordExecutor.executeKeywordForPlatform(KeywordExecutor.groovy:74)
	at com.kms.katalon.core.webui.keyword.WebUiBuiltInKeywords.click(WebUiBuiltInKeywords.groovy:620)
	at com.kms.katalon.core.webui.keyword.WebUiBuiltInKeywords$click$2.call(Unknown Source)
	at Saucedemo_Request_Demosite.run(Saucedemo_Request_Demosite:36)
	at com.kms.katalon.core.main.ScriptEngine.run(ScriptEngine.java:194)
	at com.kms.katalon.core.main.ScriptEngine.runScriptAsRawText(ScriptEngine.java:119)
	at com.kms.katalon.core.main.TestCaseExecutor.runScript(TestCaseExecutor.java:448)
	at com.kms.katalon.core.main.TestCaseExecutor.doExecute(TestCaseExecutor.java:439)
	at com.kms.katalon.core.main.TestCaseExecutor.processExecutionPhase(TestCaseExecutor.java:418)
	at com.kms.katalon.core.main.TestCaseExecutor.accessMainPhase(TestCaseExecutor.java:410)
	at com.kms.katalon.core.main.TestCaseExecutor.execute(TestCaseExecutor.java:285)
	at com.kms.katalon.core.common.CommonExecutor.accessTestCaseMainPhase(CommonExecutor.java:65)
	at com.kms.katalon.core.main.TestSuiteExecutor.accessTestSuiteMainPhase(TestSuiteExecutor.java:148)
	at com.kms.katalon.core.main.TestSuiteExecutor.execute(TestSuiteExecutor.java:106)
	at com.kms.katalon.core.main.TestCaseMain.startTestSuite(TestCaseMain.java:187)
	at com.kms.katalon.core.main.TestCaseMain$startTestSuite$0.call(Unknown Source)
	at TempTestSuite1686219086962.run(TempTestSuite1686219086962.groovy:36)
Caused by: org.openqa.selenium.ElementClickInterceptedException: element click intercepted: Element <button class="MuiButtonBase-root MuiButton-root MuiButton-outlined MuiButton-outlinedDark MuiButton-sizeMedium MuiButton-outlinedSizeMedium MuiButton-disableElevation MuiButton-root MuiButton-outlined MuiButton-outlinedDark MuiButton-sizeMedium MuiButton-outlinedSizeMedium MuiButton-disableElevation css-hy804n" tabindex="0" type="button">...</button> is not clickable at point (268, 606). Other element would receive the click: <div class="ot-sdk-row">...</div>
  (Session info: chrome=110.0.5481.77)
Build info: version: '3.141.59', revision: 'e82be7d358', time: '2018-11-14T08:25:53'
System info: host: 'sf-cpu-579', ip: '127.0.1.1', os.name: 'Linux', os.arch: 'amd64', os.version: '5.19.0-38-generic', java.version: '1.8.0_362'
Driver info: com.kms.katalon.selenium.driver.CChromeDriver
Capabilities {acceptInsecureCerts: false, browserName: chrome, browserVersion: 110.0.5481.77, chrome: {chromedriverVersion: 110.0.5481.77 (65ed616c6e8e..., userDataDir: /tmp/.com.google.Chrome.fHM6Yk}, goog:chromeOptions: {debuggerAddress: localhost:41723}, javascriptEnabled: true, networkConnectionEnabled: false, pageLoadStrategy: normal, platform: LINUX, platformName: LINUX, proxy: Proxy(), setWindowRect: true, strictFileInteractability: false, timeouts: {implicit: 0, pageLoad: 300000, script: 30000}, unhandledPromptBehavior: dismiss and notify, webauthn:extension:credBlob: true, webauthn:extension:largeBlob: true, webauthn:virtualAuthenticators: true}
Session ID: 679b378e8139ef9939d246b0c0fe6777
	at org.openqa.selenium.remote.http.W3CHttpResponseCodec.createException(W3CHttpResponseCodec.java:187)
	at org.openqa.selenium.remote.http.W3CHttpResponseCodec.decode(W3CHttpResponseCodec.java:122)
	at org.openqa.selenium.remote.http.W3CHttpResponseCodec.decode(W3CHttpResponseCodec.java:49)
	at org.openqa.selenium.remote.HttpCommandExecutor.execute(HttpCommandExecutor.java:158)
	at org.openqa.selenium.remote.service.DriverCommandExecutor.execute(DriverCommandExecutor.java:83)
	at org.openqa.selenium.remote.RemoteWebDriver.execute(RemoteWebDriver.java:552)
	at com.kms.katalon.selenium.driver.CChromeDriver.execute(CChromeDriver.java:19)
	at org.openqa.selenium.remote.RemoteWebElement.execute(RemoteWebElement.java:285)
	at org.openqa.selenium.remote.RemoteWebElement.click(RemoteWebElement.java:84)
	at org.openqa.selenium.support.events.EventFiringWebDriver$EventFiringWebElement.lambda$new$0(EventFiringWebDriver.java:404)
	at com.sun.proxy.$Proxy13.click(Unknown Source)
	at org.openqa.selenium.support.events.EventFiringWebDriver$EventFiringWebElement.click(EventFiringWebDriver.java:417)
	at org.openqa.selenium.WebElement$click.call(Unknown Source)
	at com.kms.katalon.core.webui.keyword.builtin.ClickKeyword.clickUntilSuccessWithTimeout(ClickKeyword.groovy:81)
	at com.kms.katalon.core.webui.keyword.builtin.ClickKeyword.clickUntilSuccessWithTimeout(ClickKeyword.groovy)
	at com.kms.katalon.core.webui.keyword.builtin.ClickKeyword$_click_closure1.doCall(ClickKeyword.groovy:67)
	at com.kms.katalon.core.webui.keyword.builtin.ClickKeyword$_click_closure1.call(ClickKeyword.groovy)
	at com.kms.katalon.core.webui.keyword.internal.WebUIKeywordMain.runKeyword(WebUIKeywordMain.groovy:20)
	... 19 more]]></system-err>
   </testsuite>
</testsuites>
